Using pre-set license
Built from '2020.3/release' branch; Version is '2020.3.15f2 (6cf78cb77498) revision 7141260'; Using compiler version '192528614'; Build Type 'Release'
OS: 'Windows 10 Pro; OS build 22000.120; Version 2009; 64bit' Language: 'en' Physical Memory: 16309 MB
BatchMode: 1, IsHumanControllingUs: 0, StartBugReporterOnCrash: 0, Is64bit: 1, IsPro: 0

 COMMAND LINE ARGUMENTS:
E:\Program Files\Unity Editor\2020.3.15f2\Editor\Unity.exe
-adb2
-batchMode
-noUpm
-name
AssetImportWorker0
-projectPath
C:/Users/Faruk/Desktop/Jigsaw Projesi/Proje/Project Jigsaw
-logFile
Logs/AssetImportWorker0.log
-srvPort
55577
Successfully changed project path to: C:/Users/Faruk/Desktop/Jigsaw Projesi/Proje/Project Jigsaw
C:/Users/Faruk/Desktop/Jigsaw Projesi/Proje/Project Jigsaw
Using Asset Import Pipeline V2.
Refreshing native plugins compatible for Editor in 51.70 ms, found 3 plugins.
Preloading 0 native plugins for Editor in 0.00 ms.
Initialize engine version: 2020.3.15f2 (6cf78cb77498)
[Subsystems] Discovering subsystems at path E:/Program Files/Unity Editor/2020.3.15f2/Editor/Data/Resources/UnitySubsystems
[Subsystems] Discovering subsystems at path C:/Users/Faruk/Desktop/Jigsaw Projesi/Proje/Project Jigsaw/Assets
GfxDevice: creating device client; threaded=0
Direct3D:
    Version:  Direct3D 11.0 [level 11.1]
    Renderer: NVIDIA GeForce RTX 2060 SUPER (ID=0x1f06)
    Vendor:   
    VRAM:     8031 MB
    Driver:   27.21.14.5751
Initialize mono
Mono path[0] = 'E:/Program Files/Unity Editor/2020.3.15f2/Editor/Data/Managed'
Mono path[1] = 'E:/Program Files/Unity Editor/2020.3.15f2/Editor/Data/MonoBleedingEdge/lib/mono/unityjit'
Mono config path = 'E:/Program Files/Unity Editor/2020.3.15f2/Editor/Data/MonoBleedingEdge/etc'
Using monoOptions --debugger-agent=transport=dt_socket,embedding=1,server=y,suspend=n,address=127.0.0.1:56628
Begin MonoManager ReloadAssembly
Registering precompiled unity dll's ...
Register platform support module: E:/Program Files/Unity Editor/2020.3.15f2/Editor/Data/PlaybackEngines/WindowsStandaloneSupport/UnityEditor.WindowsStandalone.Extensions.dll
Registered in 0.001028 seconds.
Native extension for WindowsStandalone target not found
Refreshing native plugins compatible for Editor in 52.57 ms, found 3 plugins.
Preloading 0 native plugins for Editor in 0.00 ms.
Mono: successfully reloaded assembly
- Completed reload, in  1.373 seconds
Domain Reload Profiling:
	ReloadAssembly (1373ms)
		BeginReloadAssembly (48ms)
			ExecutionOrderSort (0ms)
			DisableScriptedObjects (0ms)
			BackupInstance (0ms)
			ReleaseScriptingObjects (0ms)
			CreateAndSetChildDomain (1ms)
		EndReloadAssembly (371ms)
			LoadAssemblies (47ms)
			RebuildTransferFunctionScriptingTraits (0ms)
			SetupTypeCache (127ms)
			ReleaseScriptCaches (0ms)
			RebuildScriptCaches (26ms)
			SetupLoadedEditorAssemblies (161ms)
				LogAssemblyErrors (0ms)
				InitializePlatformSupportModulesInManaged (3ms)
				SetLoadedEditorAssemblies (0ms)
				RefreshPlugins (53ms)
				BeforeProcessingInitializeOnLoad (12ms)
				ProcessInitializeOnLoadAttributes (69ms)
				ProcessInitializeOnLoadMethodAttributes (24ms)
				AfterProcessingInitializeOnLoad (0ms)
				EditorAssembliesLoaded (0ms)
			ExecutionOrderSort2 (0ms)
			AwakeInstancesAfterBackupRestoration (0ms)
Platform modules already initialized, skipping
Registering precompiled user dll's ...
Registered in 0.004587 seconds.
Begin MonoManager ReloadAssembly
Native extension for WindowsStandalone target not found
Refreshing native plugins compatible for Editor in 52.45 ms, found 3 plugins.
Preloading 0 native plugins for Editor in 0.00 ms.
Mono: successfully reloaded assembly
- Completed reload, in  1.166 seconds
Domain Reload Profiling:
	ReloadAssembly (1167ms)
		BeginReloadAssembly (127ms)
			ExecutionOrderSort (0ms)
			DisableScriptedObjects (4ms)
			BackupInstance (0ms)
			ReleaseScriptingObjects (0ms)
			CreateAndSetChildDomain (16ms)
		EndReloadAssembly (989ms)
			LoadAssemblies (85ms)
			RebuildTransferFunctionScriptingTraits (0ms)
			SetupTypeCache (291ms)
			ReleaseScriptCaches (1ms)
			RebuildScriptCaches (47ms)
			SetupLoadedEditorAssemblies (462ms)
				LogAssemblyErrors (0ms)
				InitializePlatformSupportModulesInManaged (3ms)
				SetLoadedEditorAssemblies (0ms)
				RefreshPlugins (53ms)
				BeforeProcessingInitializeOnLoad (80ms)
				ProcessInitializeOnLoadAttributes (311ms)
				ProcessInitializeOnLoadMethodAttributes (13ms)
				AfterProcessingInitializeOnLoad (2ms)
				EditorAssembliesLoaded (0ms)
			ExecutionOrderSort2 (0ms)
			AwakeInstancesAfterBackupRestoration (5ms)
Platform modules already initialized, skipping
========================================================================
Worker process is ready to serve import requests
Launched and connected shader compiler UnityShaderCompiler.exe after 0.08 seconds
Refreshing native plugins compatible for Editor in 0.62 ms, found 3 plugins.
Preloading 0 native plugins for Editor in 0.00 ms.
Unloading 3001 Unused Serialized files (Serialized files now loaded: 0)
System memory in use before: 121.2 MB.
System memory in use after: 121.4 MB.

Unloading 29 unused Assets to reduce memory usage. Loaded Objects now: 3439.
Total: 2.904900 ms (FindLiveObjects: 0.369600 ms CreateObjectMapping: 0.188400 ms MarkObjects: 2.278500 ms  DeleteObjects: 0.067700 ms)

AssetImportParameters requested are different than current active one (requested -> active):
  custom:framework-win-MediaFoundation: 216162199b28c13a410421893ffa2e32 -> 
  custom:video-decoder-ogg-theora: a1e56fd34408186e4bbccfd4996cb3dc -> 
  custom:container-muxer-webm: aa71ff27fc2769a1b78a27578f13a17b -> 
  custom:container-demuxer-webm: 4f35f7cbe854078d1ac9338744f61a02 -> 
  custom:container-demuxer-ogg: 62fdf1f143b41e24485cea50d1cbac27 -> 
  custom:video-encoder-webm-vp8: eb34c28f22e8b96e1ab97ce403110664 -> 
  custom:video-decoder-webm-vp8: 9c59270c3fd7afecdb556c50c9e8de78 -> 
  custom:audio-decoder-ogg-vorbis: bf7c407c2cedff20999df2af8eb42d56 -> 
  custom:audio-encoder-webm-vorbis: bf7c407c2cedff20999df2af8eb42d56 -> 
========================================================================
Received Import Request.
  path: Assets/Scenes/Game.unity
  artifactKey: Guid(2cda990e2423bbf4892e6590ba056729) Importer(815301076,1909f56bfc062723c751e8b465ee728b)
Start importing Assets/Scenes/Game.unity using Guid(2cda990e2423bbf4892e6590ba056729) Importer(815301076,1909f56bfc062723c751e8b465ee728b)  -> (artifact id: '56615cd65c3022954a903ca9ffdcfd4e') in 0.013600 seconds 
  Import took 0.017952 seconds .

========================================================================
Received Prepare
Refreshing native plugins compatible for Editor in 4.39 ms, found 3 plugins.
Preloading 0 native plugins for Editor in 0.00 ms.
Unloading 15 Unused Serialized files (Serialized files now loaded: 0)
System memory in use before: 60.8 MB.
System memory in use after: 61.0 MB.

Unloading 15 unused Assets to reduce memory usage. Loaded Objects now: 3439.
Total: 2.965600 ms (FindLiveObjects: 0.277700 ms CreateObjectMapping: 0.077500 ms MarkObjects: 2.592100 ms  DeleteObjects: 0.017700 ms)

AssetImportParameters requested are different than current active one (requested -> active):
  custom:framework-win-MediaFoundation: 216162199b28c13a410421893ffa2e32 -> 
  custom:video-decoder-ogg-theora: a1e56fd34408186e4bbccfd4996cb3dc -> 
  custom:container-muxer-webm: aa71ff27fc2769a1b78a27578f13a17b -> 
  custom:container-demuxer-webm: 4f35f7cbe854078d1ac9338744f61a02 -> 
  custom:container-demuxer-ogg: 62fdf1f143b41e24485cea50d1cbac27 -> 
  custom:video-encoder-webm-vp8: eb34c28f22e8b96e1ab97ce403110664 -> 
  custom:video-decoder-webm-vp8: 9c59270c3fd7afecdb556c50c9e8de78 -> 
  custom:audio-decoder-ogg-vorbis: bf7c407c2cedff20999df2af8eb42d56 -> 
  custom:audio-encoder-webm-vorbis: bf7c407c2cedff20999df2af8eb42d56 -> 
========================================================================
Received Import Request.
  Time since last request: 108.308520 seconds.
  path: Assets/Scenes/Game.unity
  artifactKey: Guid(2cda990e2423bbf4892e6590ba056729) Importer(815301076,1909f56bfc062723c751e8b465ee728b)
Start importing Assets/Scenes/Game.unity using Guid(2cda990e2423bbf4892e6590ba056729) Importer(815301076,1909f56bfc062723c751e8b465ee728b)  -> (artifact id: '2d54ab62fb29df6852e3313b76b686fa') in 0.004978 seconds 
  Import took 0.009463 seconds .

========================================================================
Received Prepare
Registering precompiled user dll's ...
Registered in 0.004365 seconds.
Begin MonoManager ReloadAssembly
Native extension for WindowsStandalone target not found
Refreshing native plugins compatible for Editor in 0.67 ms, found 3 plugins.
Preloading 0 native plugins for Editor in 0.00 ms.
Mono: successfully reloaded assembly
- Completed reload, in  1.031 seconds
Domain Reload Profiling:
	ReloadAssembly (1031ms)
		BeginReloadAssembly (105ms)
			ExecutionOrderSort (0ms)
			DisableScriptedObjects (5ms)
			BackupInstance (0ms)
			ReleaseScriptingObjects (0ms)
			CreateAndSetChildDomain (35ms)
		EndReloadAssembly (875ms)
			LoadAssemblies (81ms)
			RebuildTransferFunctionScriptingTraits (0ms)
			SetupTypeCache (278ms)
			ReleaseScriptCaches (1ms)
			RebuildScriptCaches (39ms)
			SetupLoadedEditorAssemblies (334ms)
				LogAssemblyErrors (0ms)
				InitializePlatformSupportModulesInManaged (4ms)
				SetLoadedEditorAssemblies (0ms)
				RefreshPlugins (1ms)
				BeforeProcessingInitializeOnLoad (75ms)
				ProcessInitializeOnLoadAttributes (246ms)
				ProcessInitializeOnLoadMethodAttributes (6ms)
				AfterProcessingInitializeOnLoad (2ms)
				EditorAssembliesLoaded (0ms)
			ExecutionOrderSort2 (0ms)
			AwakeInstancesAfterBackupRestoration (28ms)
Platform modules already initialized, skipping
Switching build target platform(19) subTarget(0) extendedPlatform(0) -> platform(13) subTarget(537395200) extendedPlatform(0)
Refreshing native plugins compatible for Editor in 0.58 ms, found 3 plugins.
Preloading 0 native plugins for Editor in 0.00 ms.
Unloading 2957 Unused Serialized files (Serialized files now loaded: 0)
System memory in use before: 119.0 MB.
System memory in use after: 119.2 MB.

Unloading 17 unused Assets to reduce memory usage. Loaded Objects now: 3442.
Total: 2.752900 ms (FindLiveObjects: 0.280400 ms CreateObjectMapping: 0.079700 ms MarkObjects: 2.368400 ms  DeleteObjects: 0.023500 ms)

AssetImportParameters requested are different than current active one (requested -> active):
  custom:framework-win-MediaFoundation: 216162199b28c13a410421893ffa2e32 -> 
  custom:video-decoder-ogg-theora: a1e56fd34408186e4bbccfd4996cb3dc -> 
  custom:container-muxer-webm: aa71ff27fc2769a1b78a27578f13a17b -> 
  custom:container-demuxer-webm: 4f35f7cbe854078d1ac9338744f61a02 -> 
  custom:container-demuxer-ogg: 62fdf1f143b41e24485cea50d1cbac27 -> 
  custom:video-encoder-webm-vp8: eb34c28f22e8b96e1ab97ce403110664 -> 
  custom:video-decoder-webm-vp8: 9c59270c3fd7afecdb556c50c9e8de78 -> 
  custom:graphics/normal-map-encoding: 01000000000000000000000000000000 -> 02000000000000000000000000000000
  custom:audio-decoder-ogg-vorbis: bf7c407c2cedff20999df2af8eb42d56 -> 
  custom:audio-encoder-webm-vorbis: bf7c407c2cedff20999df2af8eb42d56 -> 
========================================================================
Received Prepare
Registering precompiled user dll's ...
Registered in 0.004474 seconds.
Begin MonoManager ReloadAssembly
Native extension for WindowsStandalone target not found
Refreshing native plugins compatible for Editor in 0.61 ms, found 3 plugins.
Preloading 0 native plugins for Editor in 0.00 ms.
Mono: successfully reloaded assembly
- Completed reload, in  1.043 seconds
Domain Reload Profiling:
	ReloadAssembly (1043ms)
		BeginReloadAssembly (107ms)
			ExecutionOrderSort (0ms)
			DisableScriptedObjects (5ms)
			BackupInstance (0ms)
			ReleaseScriptingObjects (0ms)
			CreateAndSetChildDomain (32ms)
		EndReloadAssembly (886ms)
			LoadAssemblies (80ms)
			RebuildTransferFunctionScriptingTraits (0ms)
			SetupTypeCache (276ms)
			ReleaseScriptCaches (1ms)
			RebuildScriptCaches (47ms)
			SetupLoadedEditorAssemblies (344ms)
				LogAssemblyErrors (0ms)
				InitializePlatformSupportModulesInManaged (4ms)
				SetLoadedEditorAssemblies (1ms)
				RefreshPlugins (1ms)
				BeforeProcessingInitializeOnLoad (75ms)
				ProcessInitializeOnLoadAttributes (255ms)
				ProcessInitializeOnLoadMethodAttributes (6ms)
				AfterProcessingInitializeOnLoad (2ms)
				EditorAssembliesLoaded (0ms)
			ExecutionOrderSort2 (0ms)
			AwakeInstancesAfterBackupRestoration (28ms)
Platform modules already initialized, skipping
Switching build target platform(19) subTarget(0) extendedPlatform(0) -> platform(13) subTarget(537395200) extendedPlatform(0)
Refreshing native plugins compatible for Editor in 0.58 ms, found 3 plugins.
Preloading 0 native plugins for Editor in 0.00 ms.
Unloading 2957 Unused Serialized files (Serialized files now loaded: 0)
System memory in use before: 119.0 MB.
System memory in use after: 119.3 MB.

Unloading 17 unused Assets to reduce memory usage. Loaded Objects now: 3445.
Total: 2.652500 ms (FindLiveObjects: 0.267200 ms CreateObjectMapping: 0.074100 ms MarkObjects: 2.291400 ms  DeleteObjects: 0.019000 ms)

AssetImportParameters requested are different than current active one (requested -> active):
  custom:framework-win-MediaFoundation: 216162199b28c13a410421893ffa2e32 -> 
  custom:video-decoder-ogg-theora: a1e56fd34408186e4bbccfd4996cb3dc -> 
  custom:container-muxer-webm: aa71ff27fc2769a1b78a27578f13a17b -> 
  custom:container-demuxer-webm: 4f35f7cbe854078d1ac9338744f61a02 -> 
  custom:container-demuxer-ogg: 62fdf1f143b41e24485cea50d1cbac27 -> 
  custom:video-encoder-webm-vp8: eb34c28f22e8b96e1ab97ce403110664 -> 
  custom:video-decoder-webm-vp8: 9c59270c3fd7afecdb556c50c9e8de78 -> 
  custom:graphics/normal-map-encoding: 01000000000000000000000000000000 -> 02000000000000000000000000000000
  custom:audio-decoder-ogg-vorbis: bf7c407c2cedff20999df2af8eb42d56 -> 
  custom:audio-encoder-webm-vorbis: bf7c407c2cedff20999df2af8eb42d56 -> 
========================================================================
Received Prepare
Refreshing native plugins compatible for Editor in 5.96 ms, found 3 plugins.
Preloading 0 native plugins for Editor in 0.00 ms.
Unloading 15 Unused Serialized files (Serialized files now loaded: 0)
System memory in use before: 61.1 MB.
System memory in use after: 61.3 MB.

Unloading 15 unused Assets to reduce memory usage. Loaded Objects now: 3445.
Total: 3.811300 ms (FindLiveObjects: 0.339700 ms CreateObjectMapping: 0.085500 ms MarkObjects: 3.362100 ms  DeleteObjects: 0.022600 ms)

AssetImportParameters requested are different than current active one (requested -> active):
  custom:framework-win-MediaFoundation: 216162199b28c13a410421893ffa2e32 -> 
  custom:video-decoder-ogg-theora: a1e56fd34408186e4bbccfd4996cb3dc -> 
  custom:container-muxer-webm: aa71ff27fc2769a1b78a27578f13a17b -> 
  custom:container-demuxer-webm: 4f35f7cbe854078d1ac9338744f61a02 -> 
  custom:container-demuxer-ogg: 62fdf1f143b41e24485cea50d1cbac27 -> 
  custom:video-encoder-webm-vp8: eb34c28f22e8b96e1ab97ce403110664 -> 
  custom:video-decoder-webm-vp8: 9c59270c3fd7afecdb556c50c9e8de78 -> 
  custom:audio-decoder-ogg-vorbis: bf7c407c2cedff20999df2af8eb42d56 -> 
  custom:audio-encoder-webm-vorbis: bf7c407c2cedff20999df2af8eb42d56 -> 
========================================================================
Received Import Request.
  Time since last request: 375.834270 seconds.
  path: Assets/Puzzle Images/img (1).jpg
  artifactKey: Guid(09e628b87a717a24fb251017e10284b8) Importer(815301076,1909f56bfc062723c751e8b465ee728b)
Start importing Assets/Puzzle Images/img (1).jpg using Guid(09e628b87a717a24fb251017e10284b8) Importer(815301076,1909f56bfc062723c751e8b465ee728b)  -> (artifact id: 'ae9d6f415f10f9ed36728c927813a3cd') in 0.102781 seconds 
  Import took 0.107713 seconds .

========================================================================
Received Import Request.
  Time since last request: 0.000156 seconds.
  path: Assets/Puzzle Images/img (26).jpg
  artifactKey: Guid(930da44f0ce169f449225acc06993e03) Importer(815301076,1909f56bfc062723c751e8b465ee728b)
Start importing Assets/Puzzle Images/img (26).jpg using Guid(930da44f0ce169f449225acc06993e03) Importer(815301076,1909f56bfc062723c751e8b465ee728b)  -> (artifact id: '7d7378cffa48f4c1aee66c7fd13fccca') in 0.033115 seconds 
  Import took 0.037956 seconds .

========================================================================
Received Import Request.
  Time since last request: 0.000193 seconds.
  path: Assets/Puzzle Images/img (13).jpg
  artifactKey: Guid(69c7bba9f9e27d3419bdc4473554c1e2) Importer(815301076,1909f56bfc062723c751e8b465ee728b)
Start importing Assets/Puzzle Images/img (13).jpg using Guid(69c7bba9f9e27d3419bdc4473554c1e2) Importer(815301076,1909f56bfc062723c751e8b465ee728b)  -> (artifact id: '59bfcce0eadc7a47338cf61a1538f642') in 0.031418 seconds 
  Import took 0.035834 seconds .

========================================================================
Received Import Request.
  Time since last request: 0.000155 seconds.
  path: Assets/Puzzle Images/img (45).jpg
  artifactKey: Guid(44a95f14b838a9742889f3784ecb54de) Importer(815301076,1909f56bfc062723c751e8b465ee728b)
Start importing Assets/Puzzle Images/img (45).jpg using Guid(44a95f14b838a9742889f3784ecb54de) Importer(815301076,1909f56bfc062723c751e8b465ee728b)  -> (artifact id: '55bb08611abcb5f8809efb3240348359') in 0.021910 seconds 
  Import took 0.026154 seconds .

========================================================================
Received Import Request.
  Time since last request: 0.000167 seconds.
  path: Assets/Puzzle Images/img (38).jpg
  artifactKey: Guid(d7dd738a38e0a2248a794f3418f80002) Importer(815301076,1909f56bfc062723c751e8b465ee728b)
Start importing Assets/Puzzle Images/img (38).jpg using Guid(d7dd738a38e0a2248a794f3418f80002) Importer(815301076,1909f56bfc062723c751e8b465ee728b)  -> (artifact id: 'd50bffd9b2832b5d6f84d69f7974dcf2') in 0.020394 seconds 
  Import took 0.024333 seconds .

========================================================================
Received Import Request.
  Time since last request: 0.000186 seconds.
  path: Assets/Puzzle Images/img (40).jpg
  artifactKey: Guid(fe16190a98328524ab4fe7ccfd24bdec) Importer(815301076,1909f56bfc062723c751e8b465ee728b)
Start importing Assets/Puzzle Images/img (40).jpg using Guid(fe16190a98328524ab4fe7ccfd24bdec) Importer(815301076,1909f56bfc062723c751e8b465ee728b)  -> (artifact id: '274d7f6daff48de35a4bc44c6a8ba72e') in 0.016335 seconds 
  Import took 0.020921 seconds .

========================================================================
Received Import Request.
  Time since last request: 0.000199 seconds.
  path: Assets/Puzzle Images/img (20).jpg
  artifactKey: Guid(94e060327a59c414ca7341a03e0909cf) Importer(815301076,1909f56bfc062723c751e8b465ee728b)
Start importing Assets/Puzzle Images/img (20).jpg using Guid(94e060327a59c414ca7341a03e0909cf) Importer(815301076,1909f56bfc062723c751e8b465ee728b)  -> (artifact id: '7fa947db0ea9b58f69d065672006b6b0') in 0.016818 seconds 
  Import took 0.021443 seconds .

========================================================================
Received Import Request.
  Time since last request: 0.000224 seconds.
  path: Assets/Puzzle Images/img (8).jpg
  artifactKey: Guid(974c0c2eb2ab751428d56a93d5b280f6) Importer(815301076,1909f56bfc062723c751e8b465ee728b)
Start importing Assets/Puzzle Images/img (8).jpg using Guid(974c0c2eb2ab751428d56a93d5b280f6) Importer(815301076,1909f56bfc062723c751e8b465ee728b)  -> (artifact id: '8d3ea4cf6d4b607963036bb5cda65a09') in 0.023473 seconds 
  Import took 0.027913 seconds .

========================================================================
Received Import Request.
  Time since last request: 0.000152 seconds.
  path: Assets/Puzzle Images/img (18).jpg
  artifactKey: Guid(16a0a2eb1d415b547aa92c83f59bfb58) Importer(815301076,1909f56bfc062723c751e8b465ee728b)
Start importing Assets/Puzzle Images/img (18).jpg using Guid(16a0a2eb1d415b547aa92c83f59bfb58) Importer(815301076,1909f56bfc062723c751e8b465ee728b)  -> (artifact id: '6c1881eee4b87a9d0d9af88fa60974c5') in 0.019291 seconds 
  Import took 0.023219 seconds .

========================================================================
Received Import Request.
  Time since last request: 0.000188 seconds.
  path: Assets/Puzzle Images/img (21).jpg
  artifactKey: Guid(a536a26d5cc9fa44284668b484f98142) Importer(815301076,1909f56bfc062723c751e8b465ee728b)
Start importing Assets/Puzzle Images/img (21).jpg using Guid(a536a26d5cc9fa44284668b484f98142) Importer(815301076,1909f56bfc062723c751e8b465ee728b)  -> (artifact id: '37e440c726dd1c98e9d1215d0dc2507a') in 0.015856 seconds 
  Import took 0.020313 seconds .

========================================================================
Received Import Request.
  Time since last request: 0.000213 seconds.
  path: Assets/Puzzle Images/img (29).jpg
  artifactKey: Guid(28c6173b697723a439d86131320ed464) Importer(815301076,1909f56bfc062723c751e8b465ee728b)
Start importing Assets/Puzzle Images/img (29).jpg using Guid(28c6173b697723a439d86131320ed464) Importer(815301076,1909f56bfc062723c751e8b465ee728b)  -> (artifact id: '2de1d0a458bd74f130a283941040187f') in 0.020969 seconds 
  Import took 0.025560 seconds .

========================================================================
Received Import Request.
  Time since last request: 0.000169 seconds.
  path: Assets/Puzzle Images/img (5).jpg
  artifactKey: Guid(24d17d9b34706d14ea2537ab62bcbb48) Importer(815301076,1909f56bfc062723c751e8b465ee728b)
Start importing Assets/Puzzle Images/img (5).jpg using Guid(24d17d9b34706d14ea2537ab62bcbb48) Importer(815301076,1909f56bfc062723c751e8b465ee728b)  -> (artifact id: '6c7c9a68e96670df47b8d6ee79af3ffd') in 0.015792 seconds 
  Import took 0.019704 seconds .

========================================================================
Received Import Request.
  Time since last request: 0.000153 seconds.
  path: Assets/Puzzle Images/img (37).jpg
  artifactKey: Guid(33172197d4d04b747a56a586bdb3c46b) Importer(815301076,1909f56bfc062723c751e8b465ee728b)
Start importing Assets/Puzzle Images/img (37).jpg using Guid(33172197d4d04b747a56a586bdb3c46b) Importer(815301076,1909f56bfc062723c751e8b465ee728b)  -> (artifact id: '7c552d35de68d54a18d7191f6a94f2fe') in 0.014824 seconds 
  Import took 0.018921 seconds .

========================================================================
Received Import Request.
  Time since last request: 0.000168 seconds.
  path: Assets/Puzzle Images/img (30).jpg
  artifactKey: Guid(6e6886d29c92e534084b49b02e2e17e2) Importer(815301076,1909f56bfc062723c751e8b465ee728b)
Start importing Assets/Puzzle Images/img (30).jpg using Guid(6e6886d29c92e534084b49b02e2e17e2) Importer(815301076,1909f56bfc062723c751e8b465ee728b)  -> (artifact id: '55e17512b320873d9f13ed8bc3b58195') in 0.021500 seconds 
  Import took 0.025704 seconds .

========================================================================
Received Import Request.
  Time since last request: 0.000157 seconds.
  path: Assets/Puzzle Images/img (42).jpg
  artifactKey: Guid(278228b5942e7364a9ca249f484fc377) Importer(815301076,1909f56bfc062723c751e8b465ee728b)
Start importing Assets/Puzzle Images/img (42).jpg using Guid(278228b5942e7364a9ca249f484fc377) Importer(815301076,1909f56bfc062723c751e8b465ee728b)  -> (artifact id: 'a46fc7e76d28134a48eb33a47037be0b') in 0.019703 seconds 
  Import took 0.023777 seconds .

========================================================================
Received Import Request.
  Time since last request: 0.000171 seconds.
  path: Assets/Puzzle Images/img (63).jpg
  artifactKey: Guid(ef60d20a9781e7c4bba49ee40357f922) Importer(815301076,1909f56bfc062723c751e8b465ee728b)
Start importing Assets/Puzzle Images/img (63).jpg using Guid(ef60d20a9781e7c4bba49ee40357f922) Importer(815301076,1909f56bfc062723c751e8b465ee728b)  -> (artifact id: 'c096b54ac707fa35bfd6e3c4d62e6702') in 0.023623 seconds 
  Import took 0.028563 seconds .

========================================================================
Received Import Request.
  Time since last request: 0.000218 seconds.
  path: Assets/Puzzle Images/img (28).jpg
  artifactKey: Guid(1645872725624b5489ee6bdd9c800f45) Importer(815301076,1909f56bfc062723c751e8b465ee728b)
Start importing Assets/Puzzle Images/img (28).jpg using Guid(1645872725624b5489ee6bdd9c800f45) Importer(815301076,1909f56bfc062723c751e8b465ee728b)  -> (artifact id: '34967944c567be6681f082b5664f3636') in 0.015898 seconds 
  Import took 0.020421 seconds .

========================================================================
Received Import Request.
  Time since last request: 0.000182 seconds.
  path: Assets/Puzzle Images/img (39).jpg
  artifactKey: Guid(0e175866c68636641b264579422b2730) Importer(815301076,1909f56bfc062723c751e8b465ee728b)
Start importing Assets/Puzzle Images/img (39).jpg using Guid(0e175866c68636641b264579422b2730) Importer(815301076,1909f56bfc062723c751e8b465ee728b)  -> (artifact id: '48c0392828fd1273eadc0697408938a6') in 0.020858 seconds 
  Import took 0.025417 seconds .

========================================================================
Received Import Request.
  Time since last request: 0.000152 seconds.
  path: Assets/Puzzle Images/img (56).jpg
  artifactKey: Guid(9fe51d23335e84f42870107a2e02bb00) Importer(815301076,1909f56bfc062723c751e8b465ee728b)
Start importing Assets/Puzzle Images/img (56).jpg using Guid(9fe51d23335e84f42870107a2e02bb00) Importer(815301076,1909f56bfc062723c751e8b465ee728b)  -> (artifact id: 'b75abd73e5e4e62bcea8547186ae3b31') in 0.018526 seconds 
  Import took 0.023104 seconds .

========================================================================
Received Import Request.
  Time since last request: 0.000182 seconds.
  path: Assets/Puzzle Images/img (46).jpg
  artifactKey: Guid(333f5a9c8c59ddd409b3ae967e2795e0) Importer(815301076,1909f56bfc062723c751e8b465ee728b)
Start importing Assets/Puzzle Images/img (46).jpg using Guid(333f5a9c8c59ddd409b3ae967e2795e0) Importer(815301076,1909f56bfc062723c751e8b465ee728b)  -> (artifact id: '81994d9c73c8ff69c08337c680fbd677') in 0.015733 seconds 
  Import took 0.020265 seconds .

========================================================================
Received Import Request.
  Time since last request: 0.000144 seconds.
  path: Assets/Puzzle Images/img (64).jpg
  artifactKey: Guid(ca888597c2b8d314f8ab0bdfb36eb824) Importer(815301076,1909f56bfc062723c751e8b465ee728b)
Start importing Assets/Puzzle Images/img (64).jpg using Guid(ca888597c2b8d314f8ab0bdfb36eb824) Importer(815301076,1909f56bfc062723c751e8b465ee728b)  -> (artifact id: '94dba67fe9467d9285d0b4f7d4a5942f') in 0.021481 seconds 
  Import took 0.026045 seconds .

========================================================================
Received Import Request.
  Time since last request: 0.000142 seconds.
  path: Assets/Puzzle Images/img (32).jpg
  artifactKey: Guid(bfb60fa6438e31b47a41fa0a4f96d380) Importer(815301076,1909f56bfc062723c751e8b465ee728b)
Start importing Assets/Puzzle Images/img (32).jpg using Guid(bfb60fa6438e31b47a41fa0a4f96d380) Importer(815301076,1909f56bfc062723c751e8b465ee728b)  -> (artifact id: '5e9846f3fd4bf3d2e987f90a72dfec78') in 0.018130 seconds 
  Import took 0.022161 seconds .

========================================================================
Received Import Request.
  Time since last request: 0.000165 seconds.
  path: Assets/Puzzle Images/img (55).jpg
  artifactKey: Guid(d7dc7c36f734e034d80af0147d3e51de) Importer(815301076,1909f56bfc062723c751e8b465ee728b)
Start importing Assets/Puzzle Images/img (55).jpg using Guid(d7dc7c36f734e034d80af0147d3e51de) Importer(815301076,1909f56bfc062723c751e8b465ee728b)  -> (artifact id: '4712d313b4c1d24a04ed78a373bbfe41') in 0.017381 seconds 
  Import took 0.021683 seconds .

========================================================================
Received Import Request.
  Time since last request: 0.000175 seconds.
  path: Assets/Puzzle Images/img (54).jpg
  artifactKey: Guid(e815688991ebfe0458741e758e122610) Importer(815301076,1909f56bfc062723c751e8b465ee728b)
Start importing Assets/Puzzle Images/img (54).jpg using Guid(e815688991ebfe0458741e758e122610) Importer(815301076,1909f56bfc062723c751e8b465ee728b)  -> (artifact id: 'c7656c3a550cef60be1fead5d6cff872') in 0.016803 seconds 
  Import took 0.021381 seconds .

========================================================================
Received Import Request.
  Time since last request: 0.000206 seconds.
  path: Assets/Puzzle Images/img (14).jpg
  artifactKey: Guid(2b7145cf9c6529d46975f44887ce1468) Importer(815301076,1909f56bfc062723c751e8b465ee728b)
Start importing Assets/Puzzle Images/img (14).jpg using Guid(2b7145cf9c6529d46975f44887ce1468) Importer(815301076,1909f56bfc062723c751e8b465ee728b)  -> (artifact id: 'bbb0a28ff7d8e56d97d417514c4b5649') in 0.020299 seconds 
  Import took 0.024804 seconds .

========================================================================
Received Import Request.
  Time since last request: 0.000170 seconds.
  path: Assets/Puzzle Images/img (60).jpg
  artifactKey: Guid(302930263177ba144aaf584a27154747) Importer(815301076,1909f56bfc062723c751e8b465ee728b)
Start importing Assets/Puzzle Images/img (60).jpg using Guid(302930263177ba144aaf584a27154747) Importer(815301076,1909f56bfc062723c751e8b465ee728b)  -> (artifact id: '2c884167ea0215e523a6d778c9ac7120') in 0.025505 seconds 
  Import took 0.030233 seconds .

========================================================================
Received Import Request.
  Time since last request: 0.000167 seconds.
  path: Assets/Puzzle Images/img (22).jpg
  artifactKey: Guid(2fba87fad24a4824e885ed902253a8ea) Importer(815301076,1909f56bfc062723c751e8b465ee728b)
Start importing Assets/Puzzle Images/img (22).jpg using Guid(2fba87fad24a4824e885ed902253a8ea) Importer(815301076,1909f56bfc062723c751e8b465ee728b)  -> (artifact id: 'ab4aa37b815949639217ef305576dc94') in 0.016925 seconds 
  Import took 0.021347 seconds .

========================================================================
Received Import Request.
  Time since last request: 0.000160 seconds.
  path: Assets/Puzzle Images/img (44).jpg
  artifactKey: Guid(b631a17106e2d7f489edddfa702b61c2) Importer(815301076,1909f56bfc062723c751e8b465ee728b)
Start importing Assets/Puzzle Images/img (44).jpg using Guid(b631a17106e2d7f489edddfa702b61c2) Importer(815301076,1909f56bfc062723c751e8b465ee728b)  -> (artifact id: '7bb47ccbdc4b8a7a6bf49f98bf4a1271') in 0.017363 seconds 
  Import took 0.021643 seconds .

========================================================================
Received Import Request.
  Time since last request: 0.000173 seconds.
  path: Assets/Puzzle Images/img (9).jpg
  artifactKey: Guid(5189c0161b5aa1a4ab9443c229d09bf4) Importer(815301076,1909f56bfc062723c751e8b465ee728b)
Start importing Assets/Puzzle Images/img (9).jpg using Guid(5189c0161b5aa1a4ab9443c229d09bf4) Importer(815301076,1909f56bfc062723c751e8b465ee728b)  -> (artifact id: '17bc4b96ead37fe34c423d6f4ec92c5d') in 0.015190 seconds 
  Import took 0.019725 seconds .

========================================================================
Received Import Request.
  Time since last request: 0.000157 seconds.
  path: Assets/Puzzle Images/img (10).jpg
  artifactKey: Guid(3358da701ed97c242802b5c158394c85) Importer(815301076,1909f56bfc062723c751e8b465ee728b)
Start importing Assets/Puzzle Images/img (10).jpg using Guid(3358da701ed97c242802b5c158394c85) Importer(815301076,1909f56bfc062723c751e8b465ee728b)  -> (artifact id: 'a3495ca748b23bbd64acff43e4005b75') in 0.016848 seconds 
  Import took 0.020868 seconds .

========================================================================
Received Import Request.
  Time since last request: 0.000141 seconds.
  path: Assets/Puzzle Images/img (48).jpg
  artifactKey: Guid(44067872a85509043ad489fa37893acf) Importer(815301076,1909f56bfc062723c751e8b465ee728b)
Start importing Assets/Puzzle Images/img (48).jpg using Guid(44067872a85509043ad489fa37893acf) Importer(815301076,1909f56bfc062723c751e8b465ee728b)  -> (artifact id: 'af982cfe614ea05077a0438018ebb088') in 0.014751 seconds 
  Import took 0.019012 seconds .

========================================================================
Received Import Request.
  Time since last request: 0.000154 seconds.
  path: Assets/Puzzle Images/img (58).jpg
  artifactKey: Guid(08323370dfe67254f8f027c51d08e292) Importer(815301076,1909f56bfc062723c751e8b465ee728b)
Start importing Assets/Puzzle Images/img (58).jpg using Guid(08323370dfe67254f8f027c51d08e292) Importer(815301076,1909f56bfc062723c751e8b465ee728b)  -> (artifact id: '0f45e5b9b5f7c890e72fa1000a1e6fe1') in 0.017877 seconds 
  Import took 0.022155 seconds .

========================================================================
Received Import Request.
  Time since last request: 0.000194 seconds.
  path: Assets/Puzzle Images/img (51).jpg
  artifactKey: Guid(1d4512180f1b7714e88c6716a05a0179) Importer(815301076,1909f56bfc062723c751e8b465ee728b)
Start importing Assets/Puzzle Images/img (51).jpg using Guid(1d4512180f1b7714e88c6716a05a0179) Importer(815301076,1909f56bfc062723c751e8b465ee728b)  -> (artifact id: 'ed4366347fc1f547adc5c0eaf61b178c') in 0.015610 seconds 
  Import took 0.020092 seconds .

========================================================================
Received Import Request.
  Time since last request: 0.000154 seconds.
  path: Assets/Puzzle Images/img (25).jpg
  artifactKey: Guid(acb948797d64cfb4286c82e40373f1a1) Importer(815301076,1909f56bfc062723c751e8b465ee728b)
Start importing Assets/Puzzle Images/img (25).jpg using Guid(acb948797d64cfb4286c82e40373f1a1) Importer(815301076,1909f56bfc062723c751e8b465ee728b)  -> (artifact id: '7fcf9e9ecb650408fa4862d07761413c') in 0.014270 seconds 
  Import took 0.018129 seconds .

========================================================================
Received Import Request.
  Time since last request: 0.000179 seconds.
  path: Assets/Puzzle Images/img (12).jpg
  artifactKey: Guid(7069532d0ffa2c14890ff3f16146fbca) Importer(815301076,1909f56bfc062723c751e8b465ee728b)
Start importing Assets/Puzzle Images/img (12).jpg using Guid(7069532d0ffa2c14890ff3f16146fbca) Importer(815301076,1909f56bfc062723c751e8b465ee728b)  -> (artifact id: 'ebfb804244c761c3f008e3d12dd914d6') in 0.017007 seconds 
  Import took 0.021033 seconds .

========================================================================
Received Import Request.
  Time since last request: 0.000152 seconds.
  path: Assets/Puzzle Images/img (47).jpg
  artifactKey: Guid(efebc3da2b4f973449e1f3fe13f4efd5) Importer(815301076,1909f56bfc062723c751e8b465ee728b)
Start importing Assets/Puzzle Images/img (47).jpg using Guid(efebc3da2b4f973449e1f3fe13f4efd5) Importer(815301076,1909f56bfc062723c751e8b465ee728b)  -> (artifact id: '52aabc0edb5e250df29ab3e5fd13f072') in 0.015766 seconds 
  Import took 0.019850 seconds .

========================================================================
Received Import Request.
  Time since last request: 0.000175 seconds.
  path: Assets/Puzzle Images/img (61).jpg
  artifactKey: Guid(fff258575835dc44dbe376bfd75fadfa) Importer(815301076,1909f56bfc062723c751e8b465ee728b)
Start importing Assets/Puzzle Images/img (61).jpg using Guid(fff258575835dc44dbe376bfd75fadfa) Importer(815301076,1909f56bfc062723c751e8b465ee728b)  -> (artifact id: 'b51243e06fe3178d47104984c262cc86') in 0.014945 seconds 
  Import took 0.019262 seconds .

========================================================================
Received Import Request.
  Time since last request: 0.000196 seconds.
  path: Assets/Puzzle Images/img (17).jpg
  artifactKey: Guid(867d8232e0a4f95459e702e6a6687a64) Importer(815301076,1909f56bfc062723c751e8b465ee728b)
Start importing Assets/Puzzle Images/img (17).jpg using Guid(867d8232e0a4f95459e702e6a6687a64) Importer(815301076,1909f56bfc062723c751e8b465ee728b)  -> (artifact id: 'e8308c94f3bb39cc2e28f86e53334fb7') in 0.016480 seconds 
  Import took 0.020947 seconds .

========================================================================
Received Import Request.
  Time since last request: 0.000205 seconds.
  path: Assets/Puzzle Images/img (57).jpg
  artifactKey: Guid(70be89343a747e14cb646834547f9ca1) Importer(815301076,1909f56bfc062723c751e8b465ee728b)
Start importing Assets/Puzzle Images/img (57).jpg using Guid(70be89343a747e14cb646834547f9ca1) Importer(815301076,1909f56bfc062723c751e8b465ee728b)  -> (artifact id: '2e45561c526661f442f9e3163cb32af5') in 0.015873 seconds 
  Import took 0.020205 seconds .

========================================================================
Received Import Request.
  Time since last request: 0.000184 seconds.
  path: Assets/Puzzle Images/img (27).jpg
  artifactKey: Guid(76bce632ef72cf142b3d18b993d86f35) Importer(815301076,1909f56bfc062723c751e8b465ee728b)
Start importing Assets/Puzzle Images/img (27).jpg using Guid(76bce632ef72cf142b3d18b993d86f35) Importer(815301076,1909f56bfc062723c751e8b465ee728b)  -> (artifact id: 'ee3e5c1c52d8e376fbf45819a19b76ca') in 0.014047 seconds 
  Import took 0.018553 seconds .

========================================================================
Received Import Request.
  Time since last request: 0.000218 seconds.
  path: Assets/Puzzle Images/img (35).jpg
  artifactKey: Guid(ac48c45dca048c64b92d8696f507cf51) Importer(815301076,1909f56bfc062723c751e8b465ee728b)
Start importing Assets/Puzzle Images/img (35).jpg using Guid(ac48c45dca048c64b92d8696f507cf51) Importer(815301076,1909f56bfc062723c751e8b465ee728b)  -> (artifact id: 'ddfac32a3713ac5425310f0af09c0f29') in 0.014856 seconds 
  Import took 0.019099 seconds .

========================================================================
Received Import Request.
  Time since last request: 0.000152 seconds.
  path: Assets/Puzzle Images/img (36).jpg
  artifactKey: Guid(11aba160264df6c4aa6da8fc3ee3eb0a) Importer(815301076,1909f56bfc062723c751e8b465ee728b)
Start importing Assets/Puzzle Images/img (36).jpg using Guid(11aba160264df6c4aa6da8fc3ee3eb0a) Importer(815301076,1909f56bfc062723c751e8b465ee728b)  -> (artifact id: '2b9226ed84ff7455aa0d64dd9c207f0e') in 0.016493 seconds 
  Import took 0.021036 seconds .

========================================================================
Received Import Request.
  Time since last request: 0.000166 seconds.
  path: Assets/Puzzle Images/img (19).jpg
  artifactKey: Guid(3009cd9dfa89ce14a83f86dcfacf617c) Importer(815301076,1909f56bfc062723c751e8b465ee728b)
Start importing Assets/Puzzle Images/img (19).jpg using Guid(3009cd9dfa89ce14a83f86dcfacf617c) Importer(815301076,1909f56bfc062723c751e8b465ee728b)  -> (artifact id: 'b083b08d7086c048b0eb430666c97689') in 0.016123 seconds 
  Import took 0.020579 seconds .

========================================================================
Received Import Request.
  Time since last request: 0.000156 seconds.
  path: Assets/Puzzle Images/img (23).jpg
  artifactKey: Guid(f35c3819774204f4fb54bd0ab34a8058) Importer(815301076,1909f56bfc062723c751e8b465ee728b)
Start importing Assets/Puzzle Images/img (23).jpg using Guid(f35c3819774204f4fb54bd0ab34a8058) Importer(815301076,1909f56bfc062723c751e8b465ee728b)  -> (artifact id: '5bb25315d82fa38636447a2a8570bfdd') in 0.024040 seconds 
  Import took 0.029156 seconds .

========================================================================
Received Import Request.
  Time since last request: 0.000236 seconds.
  path: Assets/Puzzle Images/img (62).jpg
  artifactKey: Guid(6aaf183176525f34ba4c18d4f4d39ce9) Importer(815301076,1909f56bfc062723c751e8b465ee728b)
Start importing Assets/Puzzle Images/img (62).jpg using Guid(6aaf183176525f34ba4c18d4f4d39ce9) Importer(815301076,1909f56bfc062723c751e8b465ee728b)  -> (artifact id: 'e71a2e6cde3b4588661f1db0da4aa1d3') in 0.017348 seconds 
  Import took 0.022732 seconds .

========================================================================
Received Import Request.
  Time since last request: 0.000209 seconds.
  path: Assets/Puzzle Images/img (7).jpg
  artifactKey: Guid(a3d0d70950de0134cafb9dbc97632f2c) Importer(815301076,1909f56bfc062723c751e8b465ee728b)
Start importing Assets/Puzzle Images/img (7).jpg using Guid(a3d0d70950de0134cafb9dbc97632f2c) Importer(815301076,1909f56bfc062723c751e8b465ee728b)  -> (artifact id: '195361dfcae5175f120fcee1ee7e0c66') in 0.016167 seconds 
  Import took 0.020805 seconds .

========================================================================
Received Import Request.
  Time since last request: 0.000209 seconds.
  path: Assets/Puzzle Images/img (59).jpg
  artifactKey: Guid(f482e02459c60644cb29dccdcbff594d) Importer(815301076,1909f56bfc062723c751e8b465ee728b)
Start importing Assets/Puzzle Images/img (59).jpg using Guid(f482e02459c60644cb29dccdcbff594d) Importer(815301076,1909f56bfc062723c751e8b465ee728b)  -> (artifact id: '37e3fb1ccdfa1d765d953ad41a36b0f5') in 0.016625 seconds 
  Import took 0.020812 seconds .

========================================================================
Received Import Request.
  Time since last request: 0.000149 seconds.
  path: Assets/Puzzle Images/img (31).jpg
  artifactKey: Guid(8f8f03ebb67f7de498447b730bb42422) Importer(815301076,1909f56bfc062723c751e8b465ee728b)
Start importing Assets/Puzzle Images/img (31).jpg using Guid(8f8f03ebb67f7de498447b730bb42422) Importer(815301076,1909f56bfc062723c751e8b465ee728b)  -> (artifact id: '0dc93d6b4ac41ad2e09d7b36972de0e7') in 0.014596 seconds 
  Import took 0.019048 seconds .

========================================================================
Received Import Request.
  Time since last request: 0.000171 seconds.
  path: Assets/Puzzle Images/img (6).jpg
  artifactKey: Guid(590fa73d4d937844fa35648dcd1e4848) Importer(815301076,1909f56bfc062723c751e8b465ee728b)
Start importing Assets/Puzzle Images/img (6).jpg using Guid(590fa73d4d937844fa35648dcd1e4848) Importer(815301076,1909f56bfc062723c751e8b465ee728b)  -> (artifact id: '9982cabbcee875cb47b0956cdc2f054f') in 0.016492 seconds 
  Import took 0.020884 seconds .

========================================================================
Received Import Request.
  Time since last request: 0.000122 seconds.
  path: Assets/Puzzle Images/img (50).jpg
  artifactKey: Guid(9de3fc36fb7e14e4599dc45f77f12d3e) Importer(815301076,1909f56bfc062723c751e8b465ee728b)
Start importing Assets/Puzzle Images/img (50).jpg using Guid(9de3fc36fb7e14e4599dc45f77f12d3e) Importer(815301076,1909f56bfc062723c751e8b465ee728b)  -> (artifact id: '29e8ec24b092ac8e1fe762f26eaf2c84') in 0.015103 seconds 
  Import took 0.019205 seconds .

========================================================================
Received Import Request.
  Time since last request: 0.000163 seconds.
  path: Assets/Puzzle Images/img (33).jpg
  artifactKey: Guid(f58c5d64dd6e67048a3255da500b342e) Importer(815301076,1909f56bfc062723c751e8b465ee728b)
Start importing Assets/Puzzle Images/img (33).jpg using Guid(f58c5d64dd6e67048a3255da500b342e) Importer(815301076,1909f56bfc062723c751e8b465ee728b)  -> (artifact id: 'e71c84489b6f5fd7feeac679ca9ea422') in 0.015188 seconds 
  Import took 0.019232 seconds .

========================================================================
Received Import Request.
  Time since last request: 0.000164 seconds.
  path: Assets/Puzzle Images/img (16).jpg
  artifactKey: Guid(ae9071322908bbb498ea13c83ec418ac) Importer(815301076,1909f56bfc062723c751e8b465ee728b)
Start importing Assets/Puzzle Images/img (16).jpg using Guid(ae9071322908bbb498ea13c83ec418ac) Importer(815301076,1909f56bfc062723c751e8b465ee728b)  -> (artifact id: '979c565d581237a06aa0e35e8f214039') in 0.016779 seconds 
  Import took 0.021291 seconds .

========================================================================
Received Import Request.
  Time since last request: 0.000181 seconds.
  path: Assets/Puzzle Images/img (53).jpg
  artifactKey: Guid(a1a37868ddb1b5844ae1fa92871a3fc1) Importer(815301076,1909f56bfc062723c751e8b465ee728b)
Start importing Assets/Puzzle Images/img (53).jpg using Guid(a1a37868ddb1b5844ae1fa92871a3fc1) Importer(815301076,1909f56bfc062723c751e8b465ee728b)  -> (artifact id: 'fd34400507d2bea2752423ed5d1f81f5') in 0.016609 seconds 
  Import took 0.021250 seconds .

========================================================================
Received Import Request.
  Time since last request: 0.000149 seconds.
  path: Assets/Puzzle Images/img (41).jpg
  artifactKey: Guid(5a46cbe1a6374f247bcc319d83487bca) Importer(815301076,1909f56bfc062723c751e8b465ee728b)
Start importing Assets/Puzzle Images/img (41).jpg using Guid(5a46cbe1a6374f247bcc319d83487bca) Importer(815301076,1909f56bfc062723c751e8b465ee728b)  -> (artifact id: '02012da30d6018b436d47be62b8503ff') in 0.015485 seconds 
  Import took 0.019789 seconds .

========================================================================
Received Import Request.
  Time since last request: 0.000201 seconds.
  path: Assets/Puzzle Images/img (52).jpg
  artifactKey: Guid(0fcb39694629be14fbefea642de85a38) Importer(815301076,1909f56bfc062723c751e8b465ee728b)
Start importing Assets/Puzzle Images/img (52).jpg using Guid(0fcb39694629be14fbefea642de85a38) Importer(815301076,1909f56bfc062723c751e8b465ee728b)  -> (artifact id: '4ae579d2decad1a418cc8bac50dff641') in 0.016744 seconds 
  Import took 0.021086 seconds .

========================================================================
Received Import Request.
  Time since last request: 0.000179 seconds.
  path: Assets/Puzzle Images/img (34).jpg
  artifactKey: Guid(5c9f1adac474dff4ea56cc80bd7da830) Importer(815301076,1909f56bfc062723c751e8b465ee728b)
Start importing Assets/Puzzle Images/img (34).jpg using Guid(5c9f1adac474dff4ea56cc80bd7da830) Importer(815301076,1909f56bfc062723c751e8b465ee728b)  -> (artifact id: '753de10635a975700e68a355908e5069') in 0.015652 seconds 
  Import took 0.019998 seconds .

========================================================================
Received Import Request.
  Time since last request: 0.000162 seconds.
  path: Assets/Puzzle Images/img (3).jpg
  artifactKey: Guid(c986b45b0fc0df440bba3935d231119b) Importer(815301076,1909f56bfc062723c751e8b465ee728b)
Start importing Assets/Puzzle Images/img (3).jpg using Guid(c986b45b0fc0df440bba3935d231119b) Importer(815301076,1909f56bfc062723c751e8b465ee728b)  -> (artifact id: '644aa35c70041fca5104e1c11f3e1ca6') in 0.015014 seconds 
  Import took 0.019148 seconds .

========================================================================
Received Import Request.
  Time since last request: 0.000160 seconds.
  path: Assets/Puzzle Images/img (24).jpg
  artifactKey: Guid(e5d85d78a1199fa4ba8894e0ab30833b) Importer(815301076,1909f56bfc062723c751e8b465ee728b)
Start importing Assets/Puzzle Images/img (24).jpg using Guid(e5d85d78a1199fa4ba8894e0ab30833b) Importer(815301076,1909f56bfc062723c751e8b465ee728b)  -> (artifact id: '115349769033fa1351ac9523dc7b17f0') in 0.016144 seconds 
  Import took 0.020228 seconds .

========================================================================
Received Import Request.
  Time since last request: 0.000150 seconds.
  path: Assets/Puzzle Images/img (4).jpg
  artifactKey: Guid(d5d7edeab0333ac49a3ce5d6aa7e088f) Importer(815301076,1909f56bfc062723c751e8b465ee728b)
Start importing Assets/Puzzle Images/img (4).jpg using Guid(d5d7edeab0333ac49a3ce5d6aa7e088f) Importer(815301076,1909f56bfc062723c751e8b465ee728b)  -> (artifact id: '4428dc20fbec2e8856e1e85db17c6848') in 0.014742 seconds 
  Import took 0.018740 seconds .

========================================================================
Received Import Request.
  Time since last request: 0.000139 seconds.
  path: Assets/Puzzle Images/img (2).png
  artifactKey: Guid(770df9f2d378a73489bcce9115817249) Importer(815301076,1909f56bfc062723c751e8b465ee728b)
Start importing Assets/Puzzle Images/img (2).png using Guid(770df9f2d378a73489bcce9115817249) Importer(815301076,1909f56bfc062723c751e8b465ee728b)  -> (artifact id: '5f3e0c3c49e04f4631c366fb498cc3c7') in 0.015917 seconds 
  Import took 0.019904 seconds .

========================================================================
Received Import Request.
  Time since last request: 0.000187 seconds.
  path: Assets/Puzzle Images/img (43).jpg
  artifactKey: Guid(48b38d3642aef254fb11268f5660d2ab) Importer(815301076,1909f56bfc062723c751e8b465ee728b)
Start importing Assets/Puzzle Images/img (43).jpg using Guid(48b38d3642aef254fb11268f5660d2ab) Importer(815301076,1909f56bfc062723c751e8b465ee728b)  -> (artifact id: '9535ba934805d41cf02634ae28ba6956') in 0.015222 seconds 
  Import took 0.019567 seconds .

========================================================================
Received Import Request.
  Time since last request: 0.000191 seconds.
  path: Assets/Puzzle Images/img (49).jpg
  artifactKey: Guid(a0519b8ecef5610498cbbf6557ca1509) Importer(815301076,1909f56bfc062723c751e8b465ee728b)
Start importing Assets/Puzzle Images/img (49).jpg using Guid(a0519b8ecef5610498cbbf6557ca1509) Importer(815301076,1909f56bfc062723c751e8b465ee728b)  -> (artifact id: 'e023731ad6f0f012cb31402e83248198') in 0.016101 seconds 
  Import took 0.020126 seconds .

========================================================================
Received Import Request.
  Time since last request: 0.000190 seconds.
  path: Assets/Puzzle Images/img (65).jpg
  artifactKey: Guid(de1f72fe66b4a8641a90f8cc68692230) Importer(815301076,1909f56bfc062723c751e8b465ee728b)
Start importing Assets/Puzzle Images/img (65).jpg using Guid(de1f72fe66b4a8641a90f8cc68692230) Importer(815301076,1909f56bfc062723c751e8b465ee728b)  -> (artifact id: '6c146645f47a5e0836cb1fd90530a7fd') in 0.014986 seconds 
  Import took 0.019274 seconds .

========================================================================
Received Import Request.
  Time since last request: 0.000153 seconds.
  path: Assets/Puzzle Images/img (15).jpg
  artifactKey: Guid(b4e11ba0628f64348b1e376cfbcd16d1) Importer(815301076,1909f56bfc062723c751e8b465ee728b)
Start importing Assets/Puzzle Images/img (15).jpg using Guid(b4e11ba0628f64348b1e376cfbcd16d1) Importer(815301076,1909f56bfc062723c751e8b465ee728b)  -> (artifact id: '04a19d456a9dc9bcf0bc2793c8b88e1e') in 0.014825 seconds 
  Import took 0.018893 seconds .

========================================================================
Received Import Request.
  Time since last request: 0.000136 seconds.
  path: Assets/Puzzle Images/img (11).jpg
  artifactKey: Guid(7bffbc191bb758942bc440cd92ff66d9) Importer(815301076,1909f56bfc062723c751e8b465ee728b)
Start importing Assets/Puzzle Images/img (11).jpg using Guid(7bffbc191bb758942bc440cd92ff66d9) Importer(815301076,1909f56bfc062723c751e8b465ee728b)  -> (artifact id: 'a8d06635934bc3afffc3b952f8294462') in 0.015109 seconds 
  Import took 0.018955 seconds .

========================================================================
Received Prepare
Refreshing native plugins compatible for Editor in 3.91 ms, found 3 plugins.
Preloading 0 native plugins for Editor in 0.00 ms.
Unloading 15 Unused Serialized files (Serialized files now loaded: 0)
System memory in use before: 64.7 MB.
System memory in use after: 64.9 MB.

Unloading 15 unused Assets to reduce memory usage. Loaded Objects now: 3463.
Total: 3.465400 ms (FindLiveObjects: 0.376900 ms CreateObjectMapping: 0.095500 ms MarkObjects: 2.973900 ms  DeleteObjects: 0.017900 ms)

AssetImportParameters requested are different than current active one (requested -> active):
  custom:framework-win-MediaFoundation: 216162199b28c13a410421893ffa2e32 -> 
  custom:video-decoder-ogg-theora: a1e56fd34408186e4bbccfd4996cb3dc -> 
  custom:container-muxer-webm: aa71ff27fc2769a1b78a27578f13a17b -> 
  custom:container-demuxer-webm: 4f35f7cbe854078d1ac9338744f61a02 -> 
  custom:container-demuxer-ogg: 62fdf1f143b41e24485cea50d1cbac27 -> 
  custom:video-encoder-webm-vp8: eb34c28f22e8b96e1ab97ce403110664 -> 
  custom:video-decoder-webm-vp8: 9c59270c3fd7afecdb556c50c9e8de78 -> 
  custom:audio-decoder-ogg-vorbis: bf7c407c2cedff20999df2af8eb42d56 -> 
  custom:audio-encoder-webm-vorbis: bf7c407c2cedff20999df2af8eb42d56 -> 
AssetImportWorkerClient::OnTransportError - code=2 error=End of file
