Using pre-set license
Built from '2020.3/release' branch; Version is '2020.3.15f2 (6cf78cb77498) revision 7141260'; Using compiler version '192528614'; Build Type 'Release'
OS: 'Windows 10 Pro; OS build 22000.120; Version 2009; 64bit' Language: 'en' Physical Memory: 16309 MB
BatchMode: 1, IsHumanControllingUs: 0, StartBugReporterOnCrash: 0, Is64bit: 1, IsPro: 0

 COMMAND LINE ARGUMENTS:
E:\Program Files\Unity Editor\2020.3.15f2\Editor\Unity.exe
-adb2
-batchMode
-noUpm
-name
AssetImportWorker0
-projectPath
C:/Users/Faruk/Desktop/Jigsaw Projesi/Proje/Project Jigsaw
-logFile
Logs/AssetImportWorker0.log
-srvPort
62695
Successfully changed project path to: C:/Users/Faruk/Desktop/Jigsaw Projesi/Proje/Project Jigsaw
C:/Users/Faruk/Desktop/Jigsaw Projesi/Proje/Project Jigsaw
Using Asset Import Pipeline V2.
Refreshing native plugins compatible for Editor in 50.67 ms, found 3 plugins.
Preloading 0 native plugins for Editor in 0.00 ms.
Initialize engine version: 2020.3.15f2 (6cf78cb77498)
[Subsystems] Discovering subsystems at path E:/Program Files/Unity Editor/2020.3.15f2/Editor/Data/Resources/UnitySubsystems
[Subsystems] Discovering subsystems at path C:/Users/Faruk/Desktop/Jigsaw Projesi/Proje/Project Jigsaw/Assets
GfxDevice: creating device client; threaded=0
Direct3D:
    Version:  Direct3D 11.0 [level 11.1]
    Renderer: NVIDIA GeForce RTX 2060 SUPER (ID=0x1f06)
    Vendor:   
    VRAM:     8031 MB
    Driver:   27.21.14.5751
Initialize mono
Mono path[0] = 'E:/Program Files/Unity Editor/2020.3.15f2/Editor/Data/Managed'
Mono path[1] = 'E:/Program Files/Unity Editor/2020.3.15f2/Editor/Data/MonoBleedingEdge/lib/mono/unityjit'
Mono config path = 'E:/Program Files/Unity Editor/2020.3.15f2/Editor/Data/MonoBleedingEdge/etc'
Using monoOptions --debugger-agent=transport=dt_socket,embedding=1,server=y,suspend=n,address=127.0.0.1:56676
Begin MonoManager ReloadAssembly
Registering precompiled unity dll's ...
Register platform support module: E:/Program Files/Unity Editor/2020.3.15f2/Editor/Data/PlaybackEngines/WindowsStandaloneSupport/UnityEditor.WindowsStandalone.Extensions.dll
Registered in 0.000962 seconds.
Native extension for WindowsStandalone target not found
Refreshing native plugins compatible for Editor in 49.65 ms, found 3 plugins.
Preloading 0 native plugins for Editor in 0.00 ms.
Mono: successfully reloaded assembly
- Completed reload, in  1.518 seconds
Domain Reload Profiling:
	ReloadAssembly (1518ms)
		BeginReloadAssembly (48ms)
			ExecutionOrderSort (0ms)
			DisableScriptedObjects (0ms)
			BackupInstance (0ms)
			ReleaseScriptingObjects (0ms)
			CreateAndSetChildDomain (1ms)
		EndReloadAssembly (361ms)
			LoadAssemblies (47ms)
			RebuildTransferFunctionScriptingTraits (0ms)
			SetupTypeCache (126ms)
			ReleaseScriptCaches (0ms)
			RebuildScriptCaches (26ms)
			SetupLoadedEditorAssemblies (152ms)
				LogAssemblyErrors (0ms)
				InitializePlatformSupportModulesInManaged (3ms)
				SetLoadedEditorAssemblies (0ms)
				RefreshPlugins (50ms)
				BeforeProcessingInitializeOnLoad (11ms)
				ProcessInitializeOnLoadAttributes (66ms)
				ProcessInitializeOnLoadMethodAttributes (22ms)
				AfterProcessingInitializeOnLoad (0ms)
				EditorAssembliesLoaded (0ms)
			ExecutionOrderSort2 (0ms)
			AwakeInstancesAfterBackupRestoration (0ms)
Platform modules already initialized, skipping
Registering precompiled user dll's ...
Registered in 0.004405 seconds.
Begin MonoManager ReloadAssembly
Native extension for WindowsStandalone target not found
Refreshing native plugins compatible for Editor in 48.81 ms, found 3 plugins.
Preloading 0 native plugins for Editor in 0.00 ms.
Mono: successfully reloaded assembly
- Completed reload, in  1.151 seconds
Domain Reload Profiling:
	ReloadAssembly (1152ms)
		BeginReloadAssembly (125ms)
			ExecutionOrderSort (0ms)
			DisableScriptedObjects (5ms)
			BackupInstance (0ms)
			ReleaseScriptingObjects (0ms)
			CreateAndSetChildDomain (16ms)
		EndReloadAssembly (975ms)
			LoadAssemblies (80ms)
			RebuildTransferFunctionScriptingTraits (0ms)
			SetupTypeCache (281ms)
			ReleaseScriptCaches (1ms)
			RebuildScriptCaches (45ms)
			SetupLoadedEditorAssemblies (468ms)
				LogAssemblyErrors (0ms)
				InitializePlatformSupportModulesInManaged (3ms)
				SetLoadedEditorAssemblies (0ms)
				RefreshPlugins (49ms)
				BeforeProcessingInitializeOnLoad (80ms)
				ProcessInitializeOnLoadAttributes (322ms)
				ProcessInitializeOnLoadMethodAttributes (12ms)
				AfterProcessingInitializeOnLoad (2ms)
				EditorAssembliesLoaded (0ms)
			ExecutionOrderSort2 (0ms)
			AwakeInstancesAfterBackupRestoration (5ms)
Platform modules already initialized, skipping
========================================================================
Worker process is ready to serve import requests
Launched and connected shader compiler UnityShaderCompiler.exe after 0.07 seconds
Refreshing native plugins compatible for Editor in 0.59 ms, found 3 plugins.
Preloading 0 native plugins for Editor in 0.00 ms.
Unloading 3002 Unused Serialized files (Serialized files now loaded: 0)
System memory in use before: 121.3 MB.
System memory in use after: 121.5 MB.

Unloading 29 unused Assets to reduce memory usage. Loaded Objects now: 3440.
Total: 2.722700 ms (FindLiveObjects: 0.261500 ms CreateObjectMapping: 0.076100 ms MarkObjects: 2.313600 ms  DeleteObjects: 0.070900 ms)

AssetImportParameters requested are different than current active one (requested -> active):
  custom:framework-win-MediaFoundation: 216162199b28c13a410421893ffa2e32 -> 
  custom:video-decoder-ogg-theora: a1e56fd34408186e4bbccfd4996cb3dc -> 
  custom:container-muxer-webm: aa71ff27fc2769a1b78a27578f13a17b -> 
  custom:container-demuxer-webm: 4f35f7cbe854078d1ac9338744f61a02 -> 
  custom:container-demuxer-ogg: 62fdf1f143b41e24485cea50d1cbac27 -> 
  custom:video-encoder-webm-vp8: eb34c28f22e8b96e1ab97ce403110664 -> 
  custom:video-decoder-webm-vp8: 9c59270c3fd7afecdb556c50c9e8de78 -> 
  custom:audio-decoder-ogg-vorbis: bf7c407c2cedff20999df2af8eb42d56 -> 
  custom:audio-encoder-webm-vorbis: bf7c407c2cedff20999df2af8eb42d56 -> 
========================================================================
Received Import Request.
  path: Assets/Resources/level 1.prefab
  artifactKey: Guid(b492bc63fdf1e54449a07915aab42664) Importer(815301076,1909f56bfc062723c751e8b465ee728b)
Start importing Assets/Resources/level 1.prefab using Guid(b492bc63fdf1e54449a07915aab42664) Importer(815301076,1909f56bfc062723c751e8b465ee728b)  -> (artifact id: '8164620bc8e937d7e6a143ee2047d138') in 0.052178 seconds 
  Import took 0.057649 seconds .

========================================================================
Received Import Request.
  Time since last request: 0.094669 seconds.
  path: Assets/Resources/level 1.prefab
  artifactKey: Guid(b492bc63fdf1e54449a07915aab42664) Importer(815301076,1909f56bfc062723c751e8b465ee728b)
Start importing Assets/Resources/level 1.prefab using Guid(b492bc63fdf1e54449a07915aab42664) Importer(815301076,1909f56bfc062723c751e8b465ee728b)  -> (artifact id: '8164620bc8e937d7e6a143ee2047d138') in 0.010944 seconds 
  Import took 0.015345 seconds .

========================================================================
Received Import Request.
  Time since last request: 0.102637 seconds.
  path: Assets/Resources/level 2.prefab
  artifactKey: Guid(059865e93e2016d44abd5fabf1a53324) Importer(815301076,1909f56bfc062723c751e8b465ee728b)
Start importing Assets/Resources/level 2.prefab using Guid(059865e93e2016d44abd5fabf1a53324) Importer(815301076,1909f56bfc062723c751e8b465ee728b)  -> (artifact id: '6066c2c49ad0d9040831bc20977ce7ea') in 0.010853 seconds 
  Import took 0.015297 seconds .

========================================================================
Received Import Request.
  Time since last request: 0.000178 seconds.
  path: Assets/Resources/level 8.prefab
  artifactKey: Guid(968cb11dd0a79504392524887d0719eb) Importer(815301076,1909f56bfc062723c751e8b465ee728b)
Start importing Assets/Resources/level 8.prefab using Guid(968cb11dd0a79504392524887d0719eb) Importer(815301076,1909f56bfc062723c751e8b465ee728b)  -> (artifact id: 'ecc5664553ba0a45f4726c95be952d04') in 0.008083 seconds 
  Import took 0.011922 seconds .

========================================================================
Received Import Request.
  Time since last request: 0.000170 seconds.
  path: Assets/Resources/level 11.prefab
  artifactKey: Guid(1fff6ef93ab5b654ab31e0092b0be4d1) Importer(815301076,1909f56bfc062723c751e8b465ee728b)
Start importing Assets/Resources/level 11.prefab using Guid(1fff6ef93ab5b654ab31e0092b0be4d1) Importer(815301076,1909f56bfc062723c751e8b465ee728b)  -> (artifact id: '668995580c72a4b48cc778736498cb68') in 0.007398 seconds 
  Import took 0.012213 seconds .

========================================================================
Received Import Request.
  Time since last request: 0.000182 seconds.
  path: Assets/Resources/level 6.prefab
  artifactKey: Guid(d4087377b4e6a1f4a9a08ffd036373df) Importer(815301076,1909f56bfc062723c751e8b465ee728b)
Start importing Assets/Resources/level 6.prefab using Guid(d4087377b4e6a1f4a9a08ffd036373df) Importer(815301076,1909f56bfc062723c751e8b465ee728b)  -> (artifact id: '3f9b3bf4ceee7ccc29f6a046aeabb78f') in 0.007333 seconds 
  Import took 0.011719 seconds .

========================================================================
Received Import Request.
  Time since last request: 0.000171 seconds.
  path: Assets/Resources/level 9.prefab
  artifactKey: Guid(34957bb64559e1f478be619082929d6f) Importer(815301076,1909f56bfc062723c751e8b465ee728b)
Start importing Assets/Resources/level 9.prefab using Guid(34957bb64559e1f478be619082929d6f) Importer(815301076,1909f56bfc062723c751e8b465ee728b)  -> (artifact id: 'f0bd487dd553bff5f6797370c6b48a91') in 0.007775 seconds 
  Import took 0.012214 seconds .

========================================================================
Received Import Request.
  Time since last request: 0.000188 seconds.
  path: Assets/Resources/level 18.prefab
  artifactKey: Guid(810f78275a054eb4db4014243cd9218d) Importer(815301076,1909f56bfc062723c751e8b465ee728b)
Start importing Assets/Resources/level 18.prefab using Guid(810f78275a054eb4db4014243cd9218d) Importer(815301076,1909f56bfc062723c751e8b465ee728b)  -> (artifact id: '95e256644df698de9c3052aaa10da8e9') in 0.008576 seconds 
  Import took 0.013158 seconds .

========================================================================
Received Import Request.
  Time since last request: 0.000170 seconds.
  path: Assets/Resources/level 4.prefab
  artifactKey: Guid(2079d8b14cc8bb446bae473d17272eed) Importer(815301076,1909f56bfc062723c751e8b465ee728b)
Start importing Assets/Resources/level 4.prefab using Guid(2079d8b14cc8bb446bae473d17272eed) Importer(815301076,1909f56bfc062723c751e8b465ee728b)  -> (artifact id: 'b0b2ac72b959e288f1658d41739d3ce2') in 0.007850 seconds 
  Import took 0.012841 seconds .

========================================================================
Received Import Request.
  Time since last request: 0.000217 seconds.
  path: Assets/Resources/level 7.prefab
  artifactKey: Guid(b28f78a2232996b45a4f860805605e4a) Importer(815301076,1909f56bfc062723c751e8b465ee728b)
Start importing Assets/Resources/level 7.prefab using Guid(b28f78a2232996b45a4f860805605e4a) Importer(815301076,1909f56bfc062723c751e8b465ee728b)  -> (artifact id: '9a2986798b185b069d1c2591ae0cd8c1') in 0.007155 seconds 
  Import took 0.011305 seconds .

========================================================================
Received Import Request.
  Time since last request: 0.000229 seconds.
  path: Assets/Resources/level 12.prefab
  artifactKey: Guid(b4e88e035891163449cb750033caa5af) Importer(815301076,1909f56bfc062723c751e8b465ee728b)
Start importing Assets/Resources/level 12.prefab using Guid(b4e88e035891163449cb750033caa5af) Importer(815301076,1909f56bfc062723c751e8b465ee728b)  -> (artifact id: '012a8f4f5a26b3ed178b2761d7d58f03') in 0.007912 seconds 
  Import took 0.012544 seconds .

========================================================================
Received Import Request.
  Time since last request: 0.000211 seconds.
  path: Assets/Resources/level 19.prefab
  artifactKey: Guid(fee441e50f0d9ec4a967adaf411e99a0) Importer(815301076,1909f56bfc062723c751e8b465ee728b)
Start importing Assets/Resources/level 19.prefab using Guid(fee441e50f0d9ec4a967adaf411e99a0) Importer(815301076,1909f56bfc062723c751e8b465ee728b)  -> (artifact id: '865be3b9f5e10aec070eb08995fa9c12') in 0.007492 seconds 
  Import took 0.011745 seconds .

========================================================================
Received Import Request.
  Time since last request: 0.000175 seconds.
  path: Assets/Resources/level 14.prefab
  artifactKey: Guid(2984e3ffa187a1748b7dfacbffb72ed1) Importer(815301076,1909f56bfc062723c751e8b465ee728b)
Start importing Assets/Resources/level 14.prefab using Guid(2984e3ffa187a1748b7dfacbffb72ed1) Importer(815301076,1909f56bfc062723c751e8b465ee728b)  -> (artifact id: 'bbed0954906b7da3f1b4bb2c788210ec') in 0.008397 seconds 
  Import took 0.013770 seconds .

========================================================================
Received Import Request.
  Time since last request: 0.000263 seconds.
  path: Assets/Resources/level 17.prefab
  artifactKey: Guid(e92a633fdbebc6947977a984c96111ba) Importer(815301076,1909f56bfc062723c751e8b465ee728b)
Start importing Assets/Resources/level 17.prefab using Guid(e92a633fdbebc6947977a984c96111ba) Importer(815301076,1909f56bfc062723c751e8b465ee728b)  -> (artifact id: '596aa42ff4c9bafec7c552ff67e5f5d0') in 0.009892 seconds 
  Import took 0.016414 seconds .

========================================================================
Received Import Request.
  Time since last request: 0.000256 seconds.
  path: Assets/Resources/level 5.prefab
  artifactKey: Guid(2b5740530df5c0c40a800fe9298f0e5a) Importer(815301076,1909f56bfc062723c751e8b465ee728b)
Start importing Assets/Resources/level 5.prefab using Guid(2b5740530df5c0c40a800fe9298f0e5a) Importer(815301076,1909f56bfc062723c751e8b465ee728b)  -> (artifact id: 'b6bc1de4fa63a472f40bf62bcfe7f8f5') in 0.010234 seconds 
  Import took 0.016758 seconds .

========================================================================
Received Import Request.
  Time since last request: 0.000235 seconds.
  path: Assets/Resources/level 13.prefab
  artifactKey: Guid(0857f84dfbe8bf944b58868e9784778c) Importer(815301076,1909f56bfc062723c751e8b465ee728b)
Start importing Assets/Resources/level 13.prefab using Guid(0857f84dfbe8bf944b58868e9784778c) Importer(815301076,1909f56bfc062723c751e8b465ee728b)  -> (artifact id: '1aeb1cbb905179901d96eeab30177ac3') in 0.007760 seconds 
  Import took 0.012625 seconds .

========================================================================
Received Import Request.
  Time since last request: 0.000167 seconds.
  path: Assets/Resources/level 16.prefab
  artifactKey: Guid(9e741cd50e9db2d4b8d25bba3722d2ae) Importer(815301076,1909f56bfc062723c751e8b465ee728b)
Start importing Assets/Resources/level 16.prefab using Guid(9e741cd50e9db2d4b8d25bba3722d2ae) Importer(815301076,1909f56bfc062723c751e8b465ee728b)  -> (artifact id: 'c378176eb256cd2a4364821bbb17df3b') in 0.007836 seconds 
  Import took 0.012211 seconds .

========================================================================
Received Import Request.
  Time since last request: 0.000157 seconds.
  path: Assets/Resources/level 15.prefab
  artifactKey: Guid(862273052ddd14149889000b995e8448) Importer(815301076,1909f56bfc062723c751e8b465ee728b)
Start importing Assets/Resources/level 15.prefab using Guid(862273052ddd14149889000b995e8448) Importer(815301076,1909f56bfc062723c751e8b465ee728b)  -> (artifact id: 'f821bbd7c956d3a08279a96f44631276') in 0.007549 seconds 
  Import took 0.011786 seconds .

========================================================================
Received Import Request.
  Time since last request: 0.000161 seconds.
  path: Assets/Resources/level 3.prefab
  artifactKey: Guid(7ac4ec308e4ca984087d870e47c5577b) Importer(815301076,1909f56bfc062723c751e8b465ee728b)
Start importing Assets/Resources/level 3.prefab using Guid(7ac4ec308e4ca984087d870e47c5577b) Importer(815301076,1909f56bfc062723c751e8b465ee728b)  -> (artifact id: 'b3449c9d01ddd59027d816030fca5795') in 0.007144 seconds 
  Import took 0.011595 seconds .

========================================================================
Received Import Request.
  Time since last request: 0.000206 seconds.
  path: Assets/Resources/level 10.prefab
  artifactKey: Guid(55c609eb88845ca4c8356150d1be116c) Importer(815301076,1909f56bfc062723c751e8b465ee728b)
Start importing Assets/Resources/level 10.prefab using Guid(55c609eb88845ca4c8356150d1be116c) Importer(815301076,1909f56bfc062723c751e8b465ee728b)  -> (artifact id: 'a43ce457b5a9efd4e14e8d16283602a9') in 0.007411 seconds 
  Import took 0.011771 seconds .

========================================================================
Received Prepare
Registering precompiled user dll's ...
Registered in 0.003982 seconds.
Begin MonoManager ReloadAssembly
Native extension for WindowsStandalone target not found
Refreshing native plugins compatible for Editor in 0.58 ms, found 3 plugins.
Preloading 0 native plugins for Editor in 0.00 ms.
Mono: successfully reloaded assembly
- Completed reload, in  1.060 seconds
Domain Reload Profiling:
	ReloadAssembly (1060ms)
		BeginReloadAssembly (109ms)
			ExecutionOrderSort (0ms)
			DisableScriptedObjects (6ms)
			BackupInstance (0ms)
			ReleaseScriptingObjects (0ms)
			CreateAndSetChildDomain (35ms)
		EndReloadAssembly (897ms)
			LoadAssemblies (82ms)
			RebuildTransferFunctionScriptingTraits (0ms)
			SetupTypeCache (312ms)
			ReleaseScriptCaches (1ms)
			RebuildScriptCaches (41ms)
			SetupLoadedEditorAssemblies (328ms)
				LogAssemblyErrors (0ms)
				InitializePlatformSupportModulesInManaged (4ms)
				SetLoadedEditorAssemblies (0ms)
				RefreshPlugins (1ms)
				BeforeProcessingInitializeOnLoad (73ms)
				ProcessInitializeOnLoadAttributes (241ms)
				ProcessInitializeOnLoadMethodAttributes (6ms)
				AfterProcessingInitializeOnLoad (2ms)
				EditorAssembliesLoaded (0ms)
			ExecutionOrderSort2 (0ms)
			AwakeInstancesAfterBackupRestoration (26ms)
Platform modules already initialized, skipping
Switching build target platform(19) subTarget(0) extendedPlatform(0) -> platform(13) subTarget(537395200) extendedPlatform(0)
Refreshing native plugins compatible for Editor in 0.57 ms, found 3 plugins.
Preloading 0 native plugins for Editor in 0.00 ms.
Unloading 2958 Unused Serialized files (Serialized files now loaded: 0)
System memory in use before: 119.0 MB.
System memory in use after: 119.3 MB.

Unloading 17 unused Assets to reduce memory usage. Loaded Objects now: 3443.
Total: 2.753400 ms (FindLiveObjects: 0.271900 ms CreateObjectMapping: 0.077200 ms MarkObjects: 2.375900 ms  DeleteObjects: 0.027200 ms)

AssetImportParameters requested are different than current active one (requested -> active):
  custom:framework-win-MediaFoundation: 216162199b28c13a410421893ffa2e32 -> 
  custom:video-decoder-ogg-theora: a1e56fd34408186e4bbccfd4996cb3dc -> 
  custom:container-muxer-webm: aa71ff27fc2769a1b78a27578f13a17b -> 
  custom:container-demuxer-webm: 4f35f7cbe854078d1ac9338744f61a02 -> 
  custom:container-demuxer-ogg: 62fdf1f143b41e24485cea50d1cbac27 -> 
  custom:video-encoder-webm-vp8: eb34c28f22e8b96e1ab97ce403110664 -> 
  custom:video-decoder-webm-vp8: 9c59270c3fd7afecdb556c50c9e8de78 -> 
  custom:graphics/normal-map-encoding: 01000000000000000000000000000000 -> 02000000000000000000000000000000
  custom:audio-decoder-ogg-vorbis: bf7c407c2cedff20999df2af8eb42d56 -> 
  custom:audio-encoder-webm-vorbis: bf7c407c2cedff20999df2af8eb42d56 -> 
========================================================================
Received Prepare
Registering precompiled user dll's ...
Registered in 0.003881 seconds.
Begin MonoManager ReloadAssembly
Native extension for WindowsStandalone target not found
Refreshing native plugins compatible for Editor in 0.69 ms, found 3 plugins.
Preloading 0 native plugins for Editor in 0.00 ms.
Mono: successfully reloaded assembly
- Completed reload, in  1.067 seconds
Domain Reload Profiling:
	ReloadAssembly (1067ms)
		BeginReloadAssembly (101ms)
			ExecutionOrderSort (0ms)
			DisableScriptedObjects (5ms)
			BackupInstance (0ms)
			ReleaseScriptingObjects (0ms)
			CreateAndSetChildDomain (33ms)
		EndReloadAssembly (913ms)
			LoadAssemblies (82ms)
			RebuildTransferFunctionScriptingTraits (0ms)
			SetupTypeCache (288ms)
			ReleaseScriptCaches (1ms)
			RebuildScriptCaches (46ms)
			SetupLoadedEditorAssemblies (348ms)
				LogAssemblyErrors (0ms)
				InitializePlatformSupportModulesInManaged (4ms)
				SetLoadedEditorAssemblies (1ms)
				RefreshPlugins (1ms)
				BeforeProcessingInitializeOnLoad (79ms)
				ProcessInitializeOnLoadAttributes (255ms)
				ProcessInitializeOnLoadMethodAttributes (7ms)
				AfterProcessingInitializeOnLoad (2ms)
				EditorAssembliesLoaded (0ms)
			ExecutionOrderSort2 (0ms)
			AwakeInstancesAfterBackupRestoration (28ms)
Platform modules already initialized, skipping
Switching build target platform(19) subTarget(0) extendedPlatform(0) -> platform(13) subTarget(537395200) extendedPlatform(0)
Refreshing native plugins compatible for Editor in 0.53 ms, found 3 plugins.
Preloading 0 native plugins for Editor in 0.00 ms.
Unloading 2958 Unused Serialized files (Serialized files now loaded: 0)
System memory in use before: 119.1 MB.
System memory in use after: 119.3 MB.

Unloading 17 unused Assets to reduce memory usage. Loaded Objects now: 3446.
Total: 3.014400 ms (FindLiveObjects: 0.298800 ms CreateObjectMapping: 0.085000 ms MarkObjects: 2.609900 ms  DeleteObjects: 0.019200 ms)

AssetImportParameters requested are different than current active one (requested -> active):
  custom:framework-win-MediaFoundation: 216162199b28c13a410421893ffa2e32 -> 
  custom:video-decoder-ogg-theora: a1e56fd34408186e4bbccfd4996cb3dc -> 
  custom:container-muxer-webm: aa71ff27fc2769a1b78a27578f13a17b -> 
  custom:container-demuxer-webm: 4f35f7cbe854078d1ac9338744f61a02 -> 
  custom:container-demuxer-ogg: 62fdf1f143b41e24485cea50d1cbac27 -> 
  custom:video-encoder-webm-vp8: eb34c28f22e8b96e1ab97ce403110664 -> 
  custom:video-decoder-webm-vp8: 9c59270c3fd7afecdb556c50c9e8de78 -> 
  custom:graphics/normal-map-encoding: 01000000000000000000000000000000 -> 02000000000000000000000000000000
  custom:audio-decoder-ogg-vorbis: bf7c407c2cedff20999df2af8eb42d56 -> 
  custom:audio-encoder-webm-vorbis: bf7c407c2cedff20999df2af8eb42d56 -> 
========================================================================
Received Prepare
Registering precompiled user dll's ...
Registered in 0.003699 seconds.
Begin MonoManager ReloadAssembly
Native extension for WindowsStandalone target not found
Refreshing native plugins compatible for Editor in 0.59 ms, found 3 plugins.
Preloading 0 native plugins for Editor in 0.00 ms.
Mono: successfully reloaded assembly
- Completed reload, in  1.016 seconds
Domain Reload Profiling:
	ReloadAssembly (1016ms)
		BeginReloadAssembly (104ms)
			ExecutionOrderSort (0ms)
			DisableScriptedObjects (5ms)
			BackupInstance (0ms)
			ReleaseScriptingObjects (0ms)
			CreateAndSetChildDomain (32ms)
		EndReloadAssembly (863ms)
			LoadAssemblies (75ms)
			RebuildTransferFunctionScriptingTraits (0ms)
			SetupTypeCache (270ms)
			ReleaseScriptCaches (1ms)
			RebuildScriptCaches (46ms)
			SetupLoadedEditorAssemblies (324ms)
				LogAssemblyErrors (0ms)
				InitializePlatformSupportModulesInManaged (4ms)
				SetLoadedEditorAssemblies (1ms)
				RefreshPlugins (1ms)
				BeforeProcessingInitializeOnLoad (75ms)
				ProcessInitializeOnLoadAttributes (236ms)
				ProcessInitializeOnLoadMethodAttributes (6ms)
				AfterProcessingInitializeOnLoad (2ms)
				EditorAssembliesLoaded (0ms)
			ExecutionOrderSort2 (0ms)
			AwakeInstancesAfterBackupRestoration (29ms)
Platform modules already initialized, skipping
Switching build target platform(19) subTarget(0) extendedPlatform(0) -> platform(13) subTarget(537395200) extendedPlatform(0)
Refreshing native plugins compatible for Editor in 0.58 ms, found 3 plugins.
Preloading 0 native plugins for Editor in 0.00 ms.
Unloading 2958 Unused Serialized files (Serialized files now loaded: 0)
System memory in use before: 119.1 MB.
System memory in use after: 119.4 MB.

Unloading 17 unused Assets to reduce memory usage. Loaded Objects now: 3449.
Total: 2.499700 ms (FindLiveObjects: 0.293900 ms CreateObjectMapping: 0.081100 ms MarkObjects: 2.108500 ms  DeleteObjects: 0.015200 ms)

AssetImportParameters requested are different than current active one (requested -> active):
  custom:framework-win-MediaFoundation: 216162199b28c13a410421893ffa2e32 -> 
  custom:video-decoder-ogg-theora: a1e56fd34408186e4bbccfd4996cb3dc -> 
  custom:container-muxer-webm: aa71ff27fc2769a1b78a27578f13a17b -> 
  custom:container-demuxer-webm: 4f35f7cbe854078d1ac9338744f61a02 -> 
  custom:container-demuxer-ogg: 62fdf1f143b41e24485cea50d1cbac27 -> 
  custom:video-encoder-webm-vp8: eb34c28f22e8b96e1ab97ce403110664 -> 
  custom:video-decoder-webm-vp8: 9c59270c3fd7afecdb556c50c9e8de78 -> 
  custom:graphics/normal-map-encoding: 01000000000000000000000000000000 -> 02000000000000000000000000000000
  custom:audio-decoder-ogg-vorbis: bf7c407c2cedff20999df2af8eb42d56 -> 
  custom:audio-encoder-webm-vorbis: bf7c407c2cedff20999df2af8eb42d56 -> 
========================================================================
Received Prepare
Registering precompiled user dll's ...
Registered in 0.003762 seconds.
Begin MonoManager ReloadAssembly
Native extension for WindowsStandalone target not found
Refreshing native plugins compatible for Editor in 0.58 ms, found 3 plugins.
Preloading 0 native plugins for Editor in 0.00 ms.
Mono: successfully reloaded assembly
- Completed reload, in  1.004 seconds
Domain Reload Profiling:
	ReloadAssembly (1005ms)
		BeginReloadAssembly (97ms)
			ExecutionOrderSort (0ms)
			DisableScriptedObjects (5ms)
			BackupInstance (0ms)
			ReleaseScriptingObjects (0ms)
			CreateAndSetChildDomain (31ms)
		EndReloadAssembly (858ms)
			LoadAssemblies (78ms)
			RebuildTransferFunctionScriptingTraits (0ms)
			SetupTypeCache (269ms)
			ReleaseScriptCaches (1ms)
			RebuildScriptCaches (43ms)
			SetupLoadedEditorAssemblies (329ms)
				LogAssemblyErrors (0ms)
				InitializePlatformSupportModulesInManaged (4ms)
				SetLoadedEditorAssemblies (0ms)
				RefreshPlugins (1ms)
				BeforeProcessingInitializeOnLoad (78ms)
				ProcessInitializeOnLoadAttributes (239ms)
				ProcessInitializeOnLoadMethodAttributes (6ms)
				AfterProcessingInitializeOnLoad (2ms)
				EditorAssembliesLoaded (0ms)
			ExecutionOrderSort2 (0ms)
			AwakeInstancesAfterBackupRestoration (27ms)
Platform modules already initialized, skipping
Switching build target platform(19) subTarget(0) extendedPlatform(0) -> platform(13) subTarget(537395200) extendedPlatform(0)
Refreshing native plugins compatible for Editor in 0.51 ms, found 3 plugins.
Preloading 0 native plugins for Editor in 0.00 ms.
Unloading 2958 Unused Serialized files (Serialized files now loaded: 0)
System memory in use before: 119.1 MB.
System memory in use after: 119.4 MB.

Unloading 17 unused Assets to reduce memory usage. Loaded Objects now: 3452.
Total: 2.656700 ms (FindLiveObjects: 0.276200 ms CreateObjectMapping: 0.090000 ms MarkObjects: 2.271300 ms  DeleteObjects: 0.018200 ms)

AssetImportParameters requested are different than current active one (requested -> active):
  custom:framework-win-MediaFoundation: 216162199b28c13a410421893ffa2e32 -> 
  custom:video-decoder-ogg-theora: a1e56fd34408186e4bbccfd4996cb3dc -> 
  custom:container-muxer-webm: aa71ff27fc2769a1b78a27578f13a17b -> 
  custom:container-demuxer-webm: 4f35f7cbe854078d1ac9338744f61a02 -> 
  custom:container-demuxer-ogg: 62fdf1f143b41e24485cea50d1cbac27 -> 
  custom:video-encoder-webm-vp8: eb34c28f22e8b96e1ab97ce403110664 -> 
  custom:video-decoder-webm-vp8: 9c59270c3fd7afecdb556c50c9e8de78 -> 
  custom:graphics/normal-map-encoding: 01000000000000000000000000000000 -> 02000000000000000000000000000000
  custom:audio-decoder-ogg-vorbis: bf7c407c2cedff20999df2af8eb42d56 -> 
  custom:audio-encoder-webm-vorbis: bf7c407c2cedff20999df2af8eb42d56 -> 
========================================================================
Received Prepare
Registering precompiled user dll's ...
Registered in 0.004514 seconds.
Begin MonoManager ReloadAssembly
Native extension for WindowsStandalone target not found
Refreshing native plugins compatible for Editor in 0.74 ms, found 3 plugins.
Preloading 0 native plugins for Editor in 0.00 ms.
Mono: successfully reloaded assembly
- Completed reload, in  1.122 seconds
Domain Reload Profiling:
	ReloadAssembly (1122ms)
		BeginReloadAssembly (114ms)
			ExecutionOrderSort (0ms)
			DisableScriptedObjects (6ms)
			BackupInstance (0ms)
			ReleaseScriptingObjects (0ms)
			CreateAndSetChildDomain (33ms)
		EndReloadAssembly (954ms)
			LoadAssemblies (83ms)
			RebuildTransferFunctionScriptingTraits (0ms)
			SetupTypeCache (296ms)
			ReleaseScriptCaches (1ms)
			RebuildScriptCaches (46ms)
			SetupLoadedEditorAssemblies (374ms)
				LogAssemblyErrors (0ms)
				InitializePlatformSupportModulesInManaged (4ms)
				SetLoadedEditorAssemblies (0ms)
				RefreshPlugins (1ms)
				BeforeProcessingInitializeOnLoad (79ms)
				ProcessInitializeOnLoadAttributes (282ms)
				ProcessInitializeOnLoadMethodAttributes (6ms)
				AfterProcessingInitializeOnLoad (2ms)
				EditorAssembliesLoaded (0ms)
			ExecutionOrderSort2 (0ms)
			AwakeInstancesAfterBackupRestoration (28ms)
Platform modules already initialized, skipping
Switching build target platform(19) subTarget(0) extendedPlatform(0) -> platform(13) subTarget(537395200) extendedPlatform(0)
Refreshing native plugins compatible for Editor in 0.62 ms, found 3 plugins.
Preloading 0 native plugins for Editor in 0.00 ms.
Unloading 2958 Unused Serialized files (Serialized files now loaded: 0)
System memory in use before: 119.2 MB.
System memory in use after: 119.4 MB.

Unloading 17 unused Assets to reduce memory usage. Loaded Objects now: 3455.
Total: 3.209900 ms (FindLiveObjects: 0.289000 ms CreateObjectMapping: 0.083200 ms MarkObjects: 2.813400 ms  DeleteObjects: 0.023100 ms)

AssetImportParameters requested are different than current active one (requested -> active):
  custom:framework-win-MediaFoundation: 216162199b28c13a410421893ffa2e32 -> 
  custom:video-decoder-ogg-theora: a1e56fd34408186e4bbccfd4996cb3dc -> 
  custom:container-muxer-webm: aa71ff27fc2769a1b78a27578f13a17b -> 
  custom:container-demuxer-webm: 4f35f7cbe854078d1ac9338744f61a02 -> 
  custom:container-demuxer-ogg: 62fdf1f143b41e24485cea50d1cbac27 -> 
  custom:video-encoder-webm-vp8: eb34c28f22e8b96e1ab97ce403110664 -> 
  custom:video-decoder-webm-vp8: 9c59270c3fd7afecdb556c50c9e8de78 -> 
  custom:graphics/normal-map-encoding: 01000000000000000000000000000000 -> 02000000000000000000000000000000
  custom:audio-decoder-ogg-vorbis: bf7c407c2cedff20999df2af8eb42d56 -> 
  custom:audio-encoder-webm-vorbis: bf7c407c2cedff20999df2af8eb42d56 -> 
========================================================================
Received Prepare
Registering precompiled user dll's ...
Registered in 0.003704 seconds.
Begin MonoManager ReloadAssembly
Native extension for WindowsStandalone target not found
Refreshing native plugins compatible for Editor in 0.68 ms, found 3 plugins.
Preloading 0 native plugins for Editor in 0.00 ms.
Mono: successfully reloaded assembly
- Completed reload, in  1.006 seconds
Domain Reload Profiling:
	ReloadAssembly (1006ms)
		BeginReloadAssembly (102ms)
			ExecutionOrderSort (0ms)
			DisableScriptedObjects (5ms)
			BackupInstance (0ms)
			ReleaseScriptingObjects (0ms)
			CreateAndSetChildDomain (29ms)
		EndReloadAssembly (852ms)
			LoadAssemblies (78ms)
			RebuildTransferFunctionScriptingTraits (0ms)
			SetupTypeCache (268ms)
			ReleaseScriptCaches (1ms)
			RebuildScriptCaches (40ms)
			SetupLoadedEditorAssemblies (327ms)
				LogAssemblyErrors (0ms)
				InitializePlatformSupportModulesInManaged (4ms)
				SetLoadedEditorAssemblies (0ms)
				RefreshPlugins (1ms)
				BeforeProcessingInitializeOnLoad (75ms)
				ProcessInitializeOnLoadAttributes (239ms)
				ProcessInitializeOnLoadMethodAttributes (6ms)
				AfterProcessingInitializeOnLoad (2ms)
				EditorAssembliesLoaded (0ms)
			ExecutionOrderSort2 (0ms)
			AwakeInstancesAfterBackupRestoration (26ms)
Platform modules already initialized, skipping
Switching build target platform(19) subTarget(0) extendedPlatform(0) -> platform(13) subTarget(537395200) extendedPlatform(0)
Refreshing native plugins compatible for Editor in 0.50 ms, found 3 plugins.
Preloading 0 native plugins for Editor in 0.00 ms.
Unloading 2958 Unused Serialized files (Serialized files now loaded: 0)
System memory in use before: 119.2 MB.
System memory in use after: 119.4 MB.

Unloading 17 unused Assets to reduce memory usage. Loaded Objects now: 3458.
Total: 2.656700 ms (FindLiveObjects: 0.274700 ms CreateObjectMapping: 0.075300 ms MarkObjects: 2.285000 ms  DeleteObjects: 0.020800 ms)

AssetImportParameters requested are different than current active one (requested -> active):
  custom:framework-win-MediaFoundation: 216162199b28c13a410421893ffa2e32 -> 
  custom:video-decoder-ogg-theora: a1e56fd34408186e4bbccfd4996cb3dc -> 
  custom:container-muxer-webm: aa71ff27fc2769a1b78a27578f13a17b -> 
  custom:container-demuxer-webm: 4f35f7cbe854078d1ac9338744f61a02 -> 
  custom:container-demuxer-ogg: 62fdf1f143b41e24485cea50d1cbac27 -> 
  custom:video-encoder-webm-vp8: eb34c28f22e8b96e1ab97ce403110664 -> 
  custom:video-decoder-webm-vp8: 9c59270c3fd7afecdb556c50c9e8de78 -> 
  custom:graphics/normal-map-encoding: 01000000000000000000000000000000 -> 02000000000000000000000000000000
  custom:audio-decoder-ogg-vorbis: bf7c407c2cedff20999df2af8eb42d56 -> 
  custom:audio-encoder-webm-vorbis: bf7c407c2cedff20999df2af8eb42d56 -> 
========================================================================
Received Prepare
Registering precompiled user dll's ...
Registered in 0.003692 seconds.
Begin MonoManager ReloadAssembly
Native extension for WindowsStandalone target not found
Refreshing native plugins compatible for Editor in 0.70 ms, found 3 plugins.
Preloading 0 native plugins for Editor in 0.00 ms.
Mono: successfully reloaded assembly
- Completed reload, in  1.051 seconds
Domain Reload Profiling:
	ReloadAssembly (1052ms)
		BeginReloadAssembly (104ms)
			ExecutionOrderSort (0ms)
			DisableScriptedObjects (5ms)
			BackupInstance (0ms)
			ReleaseScriptingObjects (0ms)
			CreateAndSetChildDomain (31ms)
		EndReloadAssembly (898ms)
			LoadAssemblies (77ms)
			RebuildTransferFunctionScriptingTraits (0ms)
			SetupTypeCache (289ms)
			ReleaseScriptCaches (1ms)
			RebuildScriptCaches (41ms)
			SetupLoadedEditorAssemblies (329ms)
				LogAssemblyErrors (0ms)
				InitializePlatformSupportModulesInManaged (4ms)
				SetLoadedEditorAssemblies (0ms)
				RefreshPlugins (1ms)
				BeforeProcessingInitializeOnLoad (76ms)
				ProcessInitializeOnLoadAttributes (239ms)
				ProcessInitializeOnLoadMethodAttributes (7ms)
				AfterProcessingInitializeOnLoad (2ms)
				EditorAssembliesLoaded (0ms)
			ExecutionOrderSort2 (0ms)
			AwakeInstancesAfterBackupRestoration (28ms)
Platform modules already initialized, skipping
Switching build target platform(19) subTarget(0) extendedPlatform(0) -> platform(13) subTarget(537395200) extendedPlatform(0)
Refreshing native plugins compatible for Editor in 0.57 ms, found 3 plugins.
Preloading 0 native plugins for Editor in 0.00 ms.
Unloading 2958 Unused Serialized files (Serialized files now loaded: 0)
System memory in use before: 119.2 MB.
System memory in use after: 119.4 MB.

Unloading 17 unused Assets to reduce memory usage. Loaded Objects now: 3461.
Total: 2.666900 ms (FindLiveObjects: 0.277400 ms CreateObjectMapping: 0.077100 ms MarkObjects: 2.292700 ms  DeleteObjects: 0.018600 ms)

AssetImportParameters requested are different than current active one (requested -> active):
  custom:framework-win-MediaFoundation: 216162199b28c13a410421893ffa2e32 -> 
  custom:video-decoder-ogg-theora: a1e56fd34408186e4bbccfd4996cb3dc -> 
  custom:container-muxer-webm: aa71ff27fc2769a1b78a27578f13a17b -> 
  custom:container-demuxer-webm: 4f35f7cbe854078d1ac9338744f61a02 -> 
  custom:container-demuxer-ogg: 62fdf1f143b41e24485cea50d1cbac27 -> 
  custom:video-encoder-webm-vp8: eb34c28f22e8b96e1ab97ce403110664 -> 
  custom:video-decoder-webm-vp8: 9c59270c3fd7afecdb556c50c9e8de78 -> 
  custom:graphics/normal-map-encoding: 01000000000000000000000000000000 -> 02000000000000000000000000000000
  custom:audio-decoder-ogg-vorbis: bf7c407c2cedff20999df2af8eb42d56 -> 
  custom:audio-encoder-webm-vorbis: bf7c407c2cedff20999df2af8eb42d56 -> 
========================================================================
Received Prepare
Registering precompiled user dll's ...
Registered in 0.003750 seconds.
Begin MonoManager ReloadAssembly
Native extension for WindowsStandalone target not found
Refreshing native plugins compatible for Editor in 0.61 ms, found 3 plugins.
Preloading 0 native plugins for Editor in 0.00 ms.
Mono: successfully reloaded assembly
- Completed reload, in  1.003 seconds
Domain Reload Profiling:
	ReloadAssembly (1004ms)
		BeginReloadAssembly (106ms)
			ExecutionOrderSort (0ms)
			DisableScriptedObjects (5ms)
			BackupInstance (0ms)
			ReleaseScriptingObjects (0ms)
			CreateAndSetChildDomain (30ms)
		EndReloadAssembly (849ms)
			LoadAssemblies (77ms)
			RebuildTransferFunctionScriptingTraits (0ms)
			SetupTypeCache (269ms)
			ReleaseScriptCaches (1ms)
			RebuildScriptCaches (39ms)
			SetupLoadedEditorAssemblies (320ms)
				LogAssemblyErrors (0ms)
				InitializePlatformSupportModulesInManaged (4ms)
				SetLoadedEditorAssemblies (0ms)
				RefreshPlugins (1ms)
				BeforeProcessingInitializeOnLoad (73ms)
				ProcessInitializeOnLoadAttributes (234ms)
				ProcessInitializeOnLoadMethodAttributes (6ms)
				AfterProcessingInitializeOnLoad (2ms)
				EditorAssembliesLoaded (0ms)
			ExecutionOrderSort2 (0ms)
			AwakeInstancesAfterBackupRestoration (27ms)
Platform modules already initialized, skipping
Switching build target platform(19) subTarget(0) extendedPlatform(0) -> platform(13) subTarget(537395200) extendedPlatform(0)
Refreshing native plugins compatible for Editor in 0.52 ms, found 3 plugins.
Preloading 0 native plugins for Editor in 0.00 ms.
Unloading 2958 Unused Serialized files (Serialized files now loaded: 0)
System memory in use before: 119.2 MB.
System memory in use after: 119.4 MB.

Unloading 17 unused Assets to reduce memory usage. Loaded Objects now: 3464.
Total: 2.566700 ms (FindLiveObjects: 0.279300 ms CreateObjectMapping: 0.090700 ms MarkObjects: 2.181000 ms  DeleteObjects: 0.015000 ms)

AssetImportParameters requested are different than current active one (requested -> active):
  custom:framework-win-MediaFoundation: 216162199b28c13a410421893ffa2e32 -> 
  custom:video-decoder-ogg-theora: a1e56fd34408186e4bbccfd4996cb3dc -> 
  custom:container-muxer-webm: aa71ff27fc2769a1b78a27578f13a17b -> 
  custom:container-demuxer-webm: 4f35f7cbe854078d1ac9338744f61a02 -> 
  custom:container-demuxer-ogg: 62fdf1f143b41e24485cea50d1cbac27 -> 
  custom:video-encoder-webm-vp8: eb34c28f22e8b96e1ab97ce403110664 -> 
  custom:video-decoder-webm-vp8: 9c59270c3fd7afecdb556c50c9e8de78 -> 
  custom:graphics/normal-map-encoding: 01000000000000000000000000000000 -> 02000000000000000000000000000000
  custom:audio-decoder-ogg-vorbis: bf7c407c2cedff20999df2af8eb42d56 -> 
  custom:audio-encoder-webm-vorbis: bf7c407c2cedff20999df2af8eb42d56 -> 
========================================================================
Received Import Request.
  Time since last request: 715.913029 seconds.
  path: Assets/Resources/level 1.prefab
  artifactKey: Guid(b492bc63fdf1e54449a07915aab42664) Importer(815301076,1909f56bfc062723c751e8b465ee728b)
Start importing Assets/Resources/level 1.prefab using Guid(b492bc63fdf1e54449a07915aab42664) Importer(815301076,1909f56bfc062723c751e8b465ee728b)  -> (artifact id: 'f96021d00e9ee08f839ffaf5732aa9b1') in 0.031866 seconds 
  Import took 0.036166 seconds .

========================================================================
Received Import Request.
  Time since last request: 0.000189 seconds.
  path: Assets/Resources/level 8.prefab
  artifactKey: Guid(968cb11dd0a79504392524887d0719eb) Importer(815301076,1909f56bfc062723c751e8b465ee728b)
Start importing Assets/Resources/level 8.prefab using Guid(968cb11dd0a79504392524887d0719eb) Importer(815301076,1909f56bfc062723c751e8b465ee728b)  -> (artifact id: 'a67113370c217450cae31c5585494a55') in 0.006889 seconds 
  Import took 0.010654 seconds .

========================================================================
Received Import Request.
  Time since last request: 0.000151 seconds.
  path: Assets/Resources/level 11.prefab
  artifactKey: Guid(1fff6ef93ab5b654ab31e0092b0be4d1) Importer(815301076,1909f56bfc062723c751e8b465ee728b)
Start importing Assets/Resources/level 11.prefab using Guid(1fff6ef93ab5b654ab31e0092b0be4d1) Importer(815301076,1909f56bfc062723c751e8b465ee728b)  -> (artifact id: 'f022fabe974745425ab3baff90449044') in 0.006553 seconds 
  Import took 0.010561 seconds .

========================================================================
Received Import Request.
  Time since last request: 0.000158 seconds.
  path: Assets/Resources/level 6.prefab
  artifactKey: Guid(d4087377b4e6a1f4a9a08ffd036373df) Importer(815301076,1909f56bfc062723c751e8b465ee728b)
Start importing Assets/Resources/level 6.prefab using Guid(d4087377b4e6a1f4a9a08ffd036373df) Importer(815301076,1909f56bfc062723c751e8b465ee728b)  -> (artifact id: '73a548483c44b3f7eb82b67c2877c264') in 0.006236 seconds 
  Import took 0.009791 seconds .

========================================================================
Received Import Request.
  Time since last request: 0.000261 seconds.
  path: Assets/Resources/level 9.prefab
  artifactKey: Guid(34957bb64559e1f478be619082929d6f) Importer(815301076,1909f56bfc062723c751e8b465ee728b)
Start importing Assets/Resources/level 9.prefab using Guid(34957bb64559e1f478be619082929d6f) Importer(815301076,1909f56bfc062723c751e8b465ee728b)  -> (artifact id: 'baabe50eecc2725002a410fe08a54d4e') in 0.006690 seconds 
  Import took 0.010133 seconds .

========================================================================
Received Import Request.
  Time since last request: 0.000149 seconds.
  path: Assets/Resources/level 18.prefab
  artifactKey: Guid(810f78275a054eb4db4014243cd9218d) Importer(815301076,1909f56bfc062723c751e8b465ee728b)
Start importing Assets/Resources/level 18.prefab using Guid(810f78275a054eb4db4014243cd9218d) Importer(815301076,1909f56bfc062723c751e8b465ee728b)  -> (artifact id: '220f668f3ebb9b49920c0ca10c58458f') in 0.006597 seconds 
  Import took 0.021078 seconds .

========================================================================
Received Import Request.
  Time since last request: 0.000144 seconds.
  path: Assets/Resources/level 4.prefab
  artifactKey: Guid(2079d8b14cc8bb446bae473d17272eed) Importer(815301076,1909f56bfc062723c751e8b465ee728b)
Start importing Assets/Resources/level 4.prefab using Guid(2079d8b14cc8bb446bae473d17272eed) Importer(815301076,1909f56bfc062723c751e8b465ee728b)  -> (artifact id: '2b05876a85ea851c3871252700fd74ed') in 0.006847 seconds 
  Import took 0.010425 seconds .

========================================================================
Received Import Request.
  Time since last request: 0.000161 seconds.
  path: Assets/Resources/level 7.prefab
  artifactKey: Guid(b28f78a2232996b45a4f860805605e4a) Importer(815301076,1909f56bfc062723c751e8b465ee728b)
Start importing Assets/Resources/level 7.prefab using Guid(b28f78a2232996b45a4f860805605e4a) Importer(815301076,1909f56bfc062723c751e8b465ee728b)  -> (artifact id: 'aaa5eaf410d46e799604cd984fed6830') in 0.006737 seconds 
  Import took 0.010566 seconds .

========================================================================
Received Import Request.
  Time since last request: 0.000152 seconds.
  path: Assets/Resources/level 12.prefab
  artifactKey: Guid(b4e88e035891163449cb750033caa5af) Importer(815301076,1909f56bfc062723c751e8b465ee728b)
Start importing Assets/Resources/level 12.prefab using Guid(b4e88e035891163449cb750033caa5af) Importer(815301076,1909f56bfc062723c751e8b465ee728b)  -> (artifact id: 'bdde31fe1c73de361c069d3439c14ed0') in 0.006485 seconds 
  Import took 0.010427 seconds .

========================================================================
Received Import Request.
  Time since last request: 0.000160 seconds.
  path: Assets/Resources/level 19.prefab
  artifactKey: Guid(fee441e50f0d9ec4a967adaf411e99a0) Importer(815301076,1909f56bfc062723c751e8b465ee728b)
Start importing Assets/Resources/level 19.prefab using Guid(fee441e50f0d9ec4a967adaf411e99a0) Importer(815301076,1909f56bfc062723c751e8b465ee728b)  -> (artifact id: 'e8fa4d9c58c8d68f6d3c0108344da2a1') in 0.006696 seconds 
  Import took 0.010300 seconds .

========================================================================
Received Import Request.
  Time since last request: 0.000162 seconds.
  path: Assets/Resources/level 14.prefab
  artifactKey: Guid(2984e3ffa187a1748b7dfacbffb72ed1) Importer(815301076,1909f56bfc062723c751e8b465ee728b)
Start importing Assets/Resources/level 14.prefab using Guid(2984e3ffa187a1748b7dfacbffb72ed1) Importer(815301076,1909f56bfc062723c751e8b465ee728b)  -> (artifact id: 'a51c4214e93da9d9b91d6ebe6ac80e77') in 0.006706 seconds 
  Import took 0.010526 seconds .

========================================================================
Received Import Request.
  Time since last request: 0.000156 seconds.
  path: Assets/Resources/level 17.prefab
  artifactKey: Guid(e92a633fdbebc6947977a984c96111ba) Importer(815301076,1909f56bfc062723c751e8b465ee728b)
Start importing Assets/Resources/level 17.prefab using Guid(e92a633fdbebc6947977a984c96111ba) Importer(815301076,1909f56bfc062723c751e8b465ee728b)  -> (artifact id: '2db1d202e8c124f0d5b3629f570c4e0e') in 0.006836 seconds 
  Import took 0.010536 seconds .

========================================================================
Received Import Request.
  Time since last request: 0.000155 seconds.
  path: Assets/Resources/level 5.prefab
  artifactKey: Guid(2b5740530df5c0c40a800fe9298f0e5a) Importer(815301076,1909f56bfc062723c751e8b465ee728b)
Start importing Assets/Resources/level 5.prefab using Guid(2b5740530df5c0c40a800fe9298f0e5a) Importer(815301076,1909f56bfc062723c751e8b465ee728b)  -> (artifact id: '08a8d217320c09fa896ff37e29bb6bd0') in 0.006729 seconds 
  Import took 0.010650 seconds .

========================================================================
Received Import Request.
  Time since last request: 0.000162 seconds.
  path: Assets/Resources/level 13.prefab
  artifactKey: Guid(0857f84dfbe8bf944b58868e9784778c) Importer(815301076,1909f56bfc062723c751e8b465ee728b)
Start importing Assets/Resources/level 13.prefab using Guid(0857f84dfbe8bf944b58868e9784778c) Importer(815301076,1909f56bfc062723c751e8b465ee728b)  -> (artifact id: '84a04989411ef4000d0a7584d0d0feea') in 0.006765 seconds 
  Import took 0.010880 seconds .

========================================================================
Received Import Request.
  Time since last request: 0.000158 seconds.
  path: Assets/Resources/level 2.prefab
  artifactKey: Guid(059865e93e2016d44abd5fabf1a53324) Importer(815301076,1909f56bfc062723c751e8b465ee728b)
Start importing Assets/Resources/level 2.prefab using Guid(059865e93e2016d44abd5fabf1a53324) Importer(815301076,1909f56bfc062723c751e8b465ee728b)  -> (artifact id: '7193c7b45c2f908c0ad08954056d3fa8') in 0.006478 seconds 
  Import took 0.010174 seconds .

========================================================================
Received Import Request.
  Time since last request: 0.000148 seconds.
  path: Assets/Resources/level 16.prefab
  artifactKey: Guid(9e741cd50e9db2d4b8d25bba3722d2ae) Importer(815301076,1909f56bfc062723c751e8b465ee728b)
Start importing Assets/Resources/level 16.prefab using Guid(9e741cd50e9db2d4b8d25bba3722d2ae) Importer(815301076,1909f56bfc062723c751e8b465ee728b)  -> (artifact id: 'ff40f35a58f54d21fb13c33a5b0934d1') in 0.006599 seconds 
  Import took 0.010290 seconds .

========================================================================
Received Import Request.
  Time since last request: 0.000149 seconds.
  path: Assets/Resources/level 15.prefab
  artifactKey: Guid(862273052ddd14149889000b995e8448) Importer(815301076,1909f56bfc062723c751e8b465ee728b)
Start importing Assets/Resources/level 15.prefab using Guid(862273052ddd14149889000b995e8448) Importer(815301076,1909f56bfc062723c751e8b465ee728b)  -> (artifact id: 'e3cc36e75559bac31dd3eb40fb13a763') in 0.006456 seconds 
  Import took 0.010354 seconds .

========================================================================
Received Import Request.
  Time since last request: 0.000143 seconds.
  path: Assets/Resources/level 3.prefab
  artifactKey: Guid(7ac4ec308e4ca984087d870e47c5577b) Importer(815301076,1909f56bfc062723c751e8b465ee728b)
Start importing Assets/Resources/level 3.prefab using Guid(7ac4ec308e4ca984087d870e47c5577b) Importer(815301076,1909f56bfc062723c751e8b465ee728b)  -> (artifact id: 'b0517820c246322136ecf81a03cc1e08') in 0.006670 seconds 
  Import took 0.010524 seconds .

========================================================================
Received Import Request.
  Time since last request: 0.000164 seconds.
  path: Assets/Resources/level 10.prefab
  artifactKey: Guid(55c609eb88845ca4c8356150d1be116c) Importer(815301076,1909f56bfc062723c751e8b465ee728b)
Start importing Assets/Resources/level 10.prefab using Guid(55c609eb88845ca4c8356150d1be116c) Importer(815301076,1909f56bfc062723c751e8b465ee728b)  -> (artifact id: 'fc8d1adf4fb9a6e483b202296a38fc22') in 0.006820 seconds 
  Import took 0.010497 seconds .

========================================================================
Received Import Request.
  Time since last request: 0.348762 seconds.
  path: Assets/Resources/level 1.prefab
  artifactKey: Guid(b492bc63fdf1e54449a07915aab42664) Importer(815301076,1909f56bfc062723c751e8b465ee728b)
Start importing Assets/Resources/level 1.prefab using Guid(b492bc63fdf1e54449a07915aab42664) Importer(815301076,1909f56bfc062723c751e8b465ee728b)  -> (artifact id: '7c3ef0be44cc161556a5e37b5be7622b') in 0.007604 seconds 
  Import took 0.011978 seconds .

========================================================================
Received Import Request.
  Time since last request: 0.003883 seconds.
  path: Assets/Resources/level 1.prefab
  artifactKey: Guid(b492bc63fdf1e54449a07915aab42664) Importer(815301076,1909f56bfc062723c751e8b465ee728b)
Start importing Assets/Resources/level 1.prefab using Guid(b492bc63fdf1e54449a07915aab42664) Importer(815301076,1909f56bfc062723c751e8b465ee728b)  -> (artifact id: '7c3ef0be44cc161556a5e37b5be7622b') in 0.007340 seconds 
  Import took 0.011633 seconds .

========================================================================
Received Import Request.
  Time since last request: 0.014318 seconds.
  path: Assets/Resources/level 2.prefab
  artifactKey: Guid(059865e93e2016d44abd5fabf1a53324) Importer(815301076,1909f56bfc062723c751e8b465ee728b)
Start importing Assets/Resources/level 2.prefab using Guid(059865e93e2016d44abd5fabf1a53324) Importer(815301076,1909f56bfc062723c751e8b465ee728b)  -> (artifact id: 'adccb670c7fc6de4375120f50d386588') in 0.007329 seconds 
  Import took 0.012295 seconds .

========================================================================
Received Import Request.
  Time since last request: 0.000164 seconds.
  path: Assets/Resources/level 8.prefab
  artifactKey: Guid(968cb11dd0a79504392524887d0719eb) Importer(815301076,1909f56bfc062723c751e8b465ee728b)
Start importing Assets/Resources/level 8.prefab using Guid(968cb11dd0a79504392524887d0719eb) Importer(815301076,1909f56bfc062723c751e8b465ee728b)  -> (artifact id: '7febe788d614937a4f49675694676e62') in 0.008967 seconds 
  Import took 0.013215 seconds .

========================================================================
Received Import Request.
  Time since last request: 0.000157 seconds.
  path: Assets/Resources/level 11.prefab
  artifactKey: Guid(1fff6ef93ab5b654ab31e0092b0be4d1) Importer(815301076,1909f56bfc062723c751e8b465ee728b)
Start importing Assets/Resources/level 11.prefab using Guid(1fff6ef93ab5b654ab31e0092b0be4d1) Importer(815301076,1909f56bfc062723c751e8b465ee728b)  -> (artifact id: '85df9a9b5b93bd0e224356cb4983f319') in 0.006993 seconds 
  Import took 0.010996 seconds .

========================================================================
Received Import Request.
  Time since last request: 0.000160 seconds.
  path: Assets/Resources/level 6.prefab
  artifactKey: Guid(d4087377b4e6a1f4a9a08ffd036373df) Importer(815301076,1909f56bfc062723c751e8b465ee728b)
Start importing Assets/Resources/level 6.prefab using Guid(d4087377b4e6a1f4a9a08ffd036373df) Importer(815301076,1909f56bfc062723c751e8b465ee728b)  -> (artifact id: '8e11b09e130943b939bf0d44cad9605c') in 0.010186 seconds 
  Import took 0.014804 seconds .

========================================================================
Received Import Request.
  Time since last request: 0.000153 seconds.
  path: Assets/Resources/level 9.prefab
  artifactKey: Guid(34957bb64559e1f478be619082929d6f) Importer(815301076,1909f56bfc062723c751e8b465ee728b)
Start importing Assets/Resources/level 9.prefab using Guid(34957bb64559e1f478be619082929d6f) Importer(815301076,1909f56bfc062723c751e8b465ee728b)  -> (artifact id: 'c47c0aeff33d0a4ac20f3ae0743aa239') in 0.006906 seconds 
  Import took 0.010748 seconds .

========================================================================
Received Import Request.
  Time since last request: 0.000148 seconds.
  path: Assets/Resources/level 18.prefab
  artifactKey: Guid(810f78275a054eb4db4014243cd9218d) Importer(815301076,1909f56bfc062723c751e8b465ee728b)
Start importing Assets/Resources/level 18.prefab using Guid(810f78275a054eb4db4014243cd9218d) Importer(815301076,1909f56bfc062723c751e8b465ee728b)  -> (artifact id: '78f251c771b7ebe9eea9c4fae4540d3e') in 0.007198 seconds 
  Import took 0.011370 seconds .

========================================================================
Received Import Request.
  Time since last request: 0.000118 seconds.
  path: Assets/Resources/level 4.prefab
  artifactKey: Guid(2079d8b14cc8bb446bae473d17272eed) Importer(815301076,1909f56bfc062723c751e8b465ee728b)
Start importing Assets/Resources/level 4.prefab using Guid(2079d8b14cc8bb446bae473d17272eed) Importer(815301076,1909f56bfc062723c751e8b465ee728b)  -> (artifact id: '6bfb1c47507b24af98b28970a6031e42') in 0.007396 seconds 
  Import took 0.011215 seconds .

========================================================================
Received Import Request.
  Time since last request: 0.000160 seconds.
  path: Assets/Resources/level 7.prefab
  artifactKey: Guid(b28f78a2232996b45a4f860805605e4a) Importer(815301076,1909f56bfc062723c751e8b465ee728b)
Start importing Assets/Resources/level 7.prefab using Guid(b28f78a2232996b45a4f860805605e4a) Importer(815301076,1909f56bfc062723c751e8b465ee728b)  -> (artifact id: 'e4da1f9c6b7f4b8bffac7ec542095754') in 0.007468 seconds 
  Import took 0.011828 seconds .

========================================================================
Received Import Request.
  Time since last request: 0.000140 seconds.
  path: Assets/Resources/level 12.prefab
  artifactKey: Guid(b4e88e035891163449cb750033caa5af) Importer(815301076,1909f56bfc062723c751e8b465ee728b)
Start importing Assets/Resources/level 12.prefab using Guid(b4e88e035891163449cb750033caa5af) Importer(815301076,1909f56bfc062723c751e8b465ee728b)  -> (artifact id: '94eb576939999995d847ecbe3bac6af5') in 0.007358 seconds 
  Import took 0.011635 seconds .

========================================================================
Received Import Request.
  Time since last request: 0.000174 seconds.
  path: Assets/Resources/level 19.prefab
  artifactKey: Guid(fee441e50f0d9ec4a967adaf411e99a0) Importer(815301076,1909f56bfc062723c751e8b465ee728b)
Start importing Assets/Resources/level 19.prefab using Guid(fee441e50f0d9ec4a967adaf411e99a0) Importer(815301076,1909f56bfc062723c751e8b465ee728b)  -> (artifact id: 'fe6873189a9483e0143826dee20320f0') in 0.007082 seconds 
  Import took 0.011496 seconds .

========================================================================
Received Import Request.
  Time since last request: 0.000180 seconds.
  path: Assets/Resources/level 14.prefab
  artifactKey: Guid(2984e3ffa187a1748b7dfacbffb72ed1) Importer(815301076,1909f56bfc062723c751e8b465ee728b)
Start importing Assets/Resources/level 14.prefab using Guid(2984e3ffa187a1748b7dfacbffb72ed1) Importer(815301076,1909f56bfc062723c751e8b465ee728b)  -> (artifact id: '2d7d7ca750bb601ae040ae0abc278537') in 0.007216 seconds 
  Import took 0.011312 seconds .

========================================================================
Received Import Request.
  Time since last request: 0.000150 seconds.
  path: Assets/Resources/level 17.prefab
  artifactKey: Guid(e92a633fdbebc6947977a984c96111ba) Importer(815301076,1909f56bfc062723c751e8b465ee728b)
Start importing Assets/Resources/level 17.prefab using Guid(e92a633fdbebc6947977a984c96111ba) Importer(815301076,1909f56bfc062723c751e8b465ee728b)  -> (artifact id: '25ceaf10c1455cf67f6cbe9a65f42c1f') in 0.007284 seconds 
  Import took 0.011401 seconds .

========================================================================
Received Import Request.
  Time since last request: 0.000152 seconds.
  path: Assets/Resources/level 5.prefab
  artifactKey: Guid(2b5740530df5c0c40a800fe9298f0e5a) Importer(815301076,1909f56bfc062723c751e8b465ee728b)
Start importing Assets/Resources/level 5.prefab using Guid(2b5740530df5c0c40a800fe9298f0e5a) Importer(815301076,1909f56bfc062723c751e8b465ee728b)  -> (artifact id: 'bac7c3eb6c3a0f7402e4d39c443c05ff') in 0.007768 seconds 
  Import took 0.012426 seconds .

========================================================================
Received Import Request.
  Time since last request: 0.000196 seconds.
  path: Assets/Resources/level 13.prefab
  artifactKey: Guid(0857f84dfbe8bf944b58868e9784778c) Importer(815301076,1909f56bfc062723c751e8b465ee728b)
Start importing Assets/Resources/level 13.prefab using Guid(0857f84dfbe8bf944b58868e9784778c) Importer(815301076,1909f56bfc062723c751e8b465ee728b)  -> (artifact id: 'e5ff9f398de86e3314a5052347c04fcd') in 0.010051 seconds 
  Import took 0.016004 seconds .

========================================================================
Received Import Request.
  Time since last request: 0.000186 seconds.
  path: Assets/Resources/level 16.prefab
  artifactKey: Guid(9e741cd50e9db2d4b8d25bba3722d2ae) Importer(815301076,1909f56bfc062723c751e8b465ee728b)
Start importing Assets/Resources/level 16.prefab using Guid(9e741cd50e9db2d4b8d25bba3722d2ae) Importer(815301076,1909f56bfc062723c751e8b465ee728b)  -> (artifact id: 'b463a57167a1575c06fd2d855bd9285e') in 0.008296 seconds 
  Import took 0.013505 seconds .

========================================================================
Received Import Request.
  Time since last request: 0.000207 seconds.
  path: Assets/Resources/level 15.prefab
  artifactKey: Guid(862273052ddd14149889000b995e8448) Importer(815301076,1909f56bfc062723c751e8b465ee728b)
Start importing Assets/Resources/level 15.prefab using Guid(862273052ddd14149889000b995e8448) Importer(815301076,1909f56bfc062723c751e8b465ee728b)  -> (artifact id: '67fa83c03c3fc2c76f9103417b655675') in 0.007821 seconds 
  Import took 0.012794 seconds .

========================================================================
Received Import Request.
  Time since last request: 0.000178 seconds.
  path: Assets/Resources/level 3.prefab
  artifactKey: Guid(7ac4ec308e4ca984087d870e47c5577b) Importer(815301076,1909f56bfc062723c751e8b465ee728b)
Start importing Assets/Resources/level 3.prefab using Guid(7ac4ec308e4ca984087d870e47c5577b) Importer(815301076,1909f56bfc062723c751e8b465ee728b)  -> (artifact id: '11f5368b2b5a1b846b5fdb8c88370f83') in 0.007618 seconds 
  Import took 0.012510 seconds .

========================================================================
Received Import Request.
  Time since last request: 0.000172 seconds.
  path: Assets/Resources/level 10.prefab
  artifactKey: Guid(55c609eb88845ca4c8356150d1be116c) Importer(815301076,1909f56bfc062723c751e8b465ee728b)
Start importing Assets/Resources/level 10.prefab using Guid(55c609eb88845ca4c8356150d1be116c) Importer(815301076,1909f56bfc062723c751e8b465ee728b)  -> (artifact id: '18907b3ea89b743b43f1e3ba7cc2bc3c') in 0.006962 seconds 
  Import took 0.010798 seconds .

========================================================================
Received Import Request.
  Time since last request: 3.689425 seconds.
  path: Assets/Resources/level 1.prefab
  artifactKey: Guid(b492bc63fdf1e54449a07915aab42664) Importer(815301076,1909f56bfc062723c751e8b465ee728b)
Start importing Assets/Resources/level 1.prefab using Guid(b492bc63fdf1e54449a07915aab42664) Importer(815301076,1909f56bfc062723c751e8b465ee728b)  -> (artifact id: '1a3aa5e0fe62564a3856bddd8e17a0f1') in 0.007506 seconds 
  Import took 0.011872 seconds .

========================================================================
Received Import Request.
  Time since last request: 0.019220 seconds.
  path: Assets/Resources/level 1.prefab
  artifactKey: Guid(b492bc63fdf1e54449a07915aab42664) Importer(815301076,1909f56bfc062723c751e8b465ee728b)
Start importing Assets/Resources/level 1.prefab using Guid(b492bc63fdf1e54449a07915aab42664) Importer(815301076,1909f56bfc062723c751e8b465ee728b)  -> (artifact id: '1a3aa5e0fe62564a3856bddd8e17a0f1') in 0.007648 seconds 
  Import took 0.012327 seconds .

========================================================================
Received Import Request.
  Time since last request: 0.000182 seconds.
  path: Assets/Resources/level 8.prefab
  artifactKey: Guid(968cb11dd0a79504392524887d0719eb) Importer(815301076,1909f56bfc062723c751e8b465ee728b)
Start importing Assets/Resources/level 8.prefab using Guid(968cb11dd0a79504392524887d0719eb) Importer(815301076,1909f56bfc062723c751e8b465ee728b)  -> (artifact id: 'e87881293e43d700b65d1d99acffe9d3') in 0.006950 seconds 
  Import took 0.011586 seconds .

========================================================================
Received Import Request.
  Time since last request: 0.000146 seconds.
  path: Assets/Resources/level 11.prefab
  artifactKey: Guid(1fff6ef93ab5b654ab31e0092b0be4d1) Importer(815301076,1909f56bfc062723c751e8b465ee728b)
Start importing Assets/Resources/level 11.prefab using Guid(1fff6ef93ab5b654ab31e0092b0be4d1) Importer(815301076,1909f56bfc062723c751e8b465ee728b)  -> (artifact id: '29f2c1323e39825a4897df90fded5cd2') in 0.007436 seconds 
  Import took 0.011794 seconds .

========================================================================
Received Import Request.
  Time since last request: 0.000160 seconds.
  path: Assets/Resources/level 6.prefab
  artifactKey: Guid(d4087377b4e6a1f4a9a08ffd036373df) Importer(815301076,1909f56bfc062723c751e8b465ee728b)
Start importing Assets/Resources/level 6.prefab using Guid(d4087377b4e6a1f4a9a08ffd036373df) Importer(815301076,1909f56bfc062723c751e8b465ee728b)  -> (artifact id: 'a63b12789394f0da4e0974e9e3f143c8') in 0.007384 seconds 
  Import took 0.011788 seconds .

========================================================================
Received Import Request.
  Time since last request: 0.000168 seconds.
  path: Assets/Resources/level 9.prefab
  artifactKey: Guid(34957bb64559e1f478be619082929d6f) Importer(815301076,1909f56bfc062723c751e8b465ee728b)
Start importing Assets/Resources/level 9.prefab using Guid(34957bb64559e1f478be619082929d6f) Importer(815301076,1909f56bfc062723c751e8b465ee728b)  -> (artifact id: 'dbf1df2d2b0980c404aa5104ab13f39e') in 0.007124 seconds 
  Import took 0.011632 seconds .

========================================================================
Received Import Request.
  Time since last request: 0.000203 seconds.
  path: Assets/Resources/level 18.prefab
  artifactKey: Guid(810f78275a054eb4db4014243cd9218d) Importer(815301076,1909f56bfc062723c751e8b465ee728b)
Start importing Assets/Resources/level 18.prefab using Guid(810f78275a054eb4db4014243cd9218d) Importer(815301076,1909f56bfc062723c751e8b465ee728b)  -> (artifact id: 'a3eb7b1b8642230dbb3586a1dcc2c13a') in 0.007409 seconds 
  Import took 0.011742 seconds .

========================================================================
Received Import Request.
  Time since last request: 0.000127 seconds.
  path: Assets/Resources/level 4.prefab
  artifactKey: Guid(2079d8b14cc8bb446bae473d17272eed) Importer(815301076,1909f56bfc062723c751e8b465ee728b)
Start importing Assets/Resources/level 4.prefab using Guid(2079d8b14cc8bb446bae473d17272eed) Importer(815301076,1909f56bfc062723c751e8b465ee728b)  -> (artifact id: 'b5be96b5d6467736bf4f91eb66bfb864') in 0.007008 seconds 
  Import took 0.010709 seconds .

========================================================================
Received Import Request.
  Time since last request: 0.000281 seconds.
  path: Assets/Resources/level 7.prefab
  artifactKey: Guid(b28f78a2232996b45a4f860805605e4a) Importer(815301076,1909f56bfc062723c751e8b465ee728b)
Start importing Assets/Resources/level 7.prefab using Guid(b28f78a2232996b45a4f860805605e4a) Importer(815301076,1909f56bfc062723c751e8b465ee728b)  -> (artifact id: '2b2d715a71d586dc7351758b76bff0a0') in 0.007428 seconds 
  Import took 0.011525 seconds .

========================================================================
Received Import Request.
  Time since last request: 0.000177 seconds.
  path: Assets/Resources/level 12.prefab
  artifactKey: Guid(b4e88e035891163449cb750033caa5af) Importer(815301076,1909f56bfc062723c751e8b465ee728b)
Start importing Assets/Resources/level 12.prefab using Guid(b4e88e035891163449cb750033caa5af) Importer(815301076,1909f56bfc062723c751e8b465ee728b)  -> (artifact id: 'c768676d3d882d6111492a5ea60b33dc') in 0.007229 seconds 
  Import took 0.011207 seconds .

========================================================================
Received Import Request.
  Time since last request: 0.000180 seconds.
  path: Assets/Resources/level 19.prefab
  artifactKey: Guid(fee441e50f0d9ec4a967adaf411e99a0) Importer(815301076,1909f56bfc062723c751e8b465ee728b)
Start importing Assets/Resources/level 19.prefab using Guid(fee441e50f0d9ec4a967adaf411e99a0) Importer(815301076,1909f56bfc062723c751e8b465ee728b)  -> (artifact id: '011bf2738389f2abb4c9ba0567db7c5f') in 0.007152 seconds 
  Import took 0.011343 seconds .

========================================================================
Received Import Request.
  Time since last request: 0.000146 seconds.
  path: Assets/Resources/level 14.prefab
  artifactKey: Guid(2984e3ffa187a1748b7dfacbffb72ed1) Importer(815301076,1909f56bfc062723c751e8b465ee728b)
Start importing Assets/Resources/level 14.prefab using Guid(2984e3ffa187a1748b7dfacbffb72ed1) Importer(815301076,1909f56bfc062723c751e8b465ee728b)  -> (artifact id: '461a5db377bfca6c07ab4d3d0182931c') in 0.006946 seconds 
  Import took 0.011115 seconds .

========================================================================
Received Import Request.
  Time since last request: 0.000174 seconds.
  path: Assets/Resources/level 17.prefab
  artifactKey: Guid(e92a633fdbebc6947977a984c96111ba) Importer(815301076,1909f56bfc062723c751e8b465ee728b)
Start importing Assets/Resources/level 17.prefab using Guid(e92a633fdbebc6947977a984c96111ba) Importer(815301076,1909f56bfc062723c751e8b465ee728b)  -> (artifact id: 'f06548249185eba910b29f5255fabcaa') in 0.007461 seconds 
  Import took 0.011494 seconds .

========================================================================
Received Import Request.
  Time since last request: 0.000182 seconds.
  path: Assets/Resources/level 5.prefab
  artifactKey: Guid(2b5740530df5c0c40a800fe9298f0e5a) Importer(815301076,1909f56bfc062723c751e8b465ee728b)
Start importing Assets/Resources/level 5.prefab using Guid(2b5740530df5c0c40a800fe9298f0e5a) Importer(815301076,1909f56bfc062723c751e8b465ee728b)  -> (artifact id: '63d91bcf1657bf45a0e25cfab7f6bf4f') in 0.007335 seconds 
  Import took 0.011622 seconds .

========================================================================
Received Import Request.
  Time since last request: 0.000147 seconds.
  path: Assets/Resources/level 13.prefab
  artifactKey: Guid(0857f84dfbe8bf944b58868e9784778c) Importer(815301076,1909f56bfc062723c751e8b465ee728b)
Start importing Assets/Resources/level 13.prefab using Guid(0857f84dfbe8bf944b58868e9784778c) Importer(815301076,1909f56bfc062723c751e8b465ee728b)  -> (artifact id: '3e4e49313ee492e3d4e0f4b8805ade95') in 0.007277 seconds 
  Import took 0.011560 seconds .

========================================================================
Received Import Request.
  Time since last request: 0.000131 seconds.
  path: Assets/Resources/level 2.prefab
  artifactKey: Guid(059865e93e2016d44abd5fabf1a53324) Importer(815301076,1909f56bfc062723c751e8b465ee728b)
Start importing Assets/Resources/level 2.prefab using Guid(059865e93e2016d44abd5fabf1a53324) Importer(815301076,1909f56bfc062723c751e8b465ee728b)  -> (artifact id: '2a4f264607d615d454d545ef5d3bf395') in 0.007866 seconds 
  Import took 0.011915 seconds .

========================================================================
Received Import Request.
  Time since last request: 0.000179 seconds.
  path: Assets/Resources/level 16.prefab
  artifactKey: Guid(9e741cd50e9db2d4b8d25bba3722d2ae) Importer(815301076,1909f56bfc062723c751e8b465ee728b)
Start importing Assets/Resources/level 16.prefab using Guid(9e741cd50e9db2d4b8d25bba3722d2ae) Importer(815301076,1909f56bfc062723c751e8b465ee728b)  -> (artifact id: '894771a412ba8fd63b9649522f903eb2') in 0.007300 seconds 
  Import took 0.011377 seconds .

========================================================================
Received Import Request.
  Time since last request: 0.000131 seconds.
  path: Assets/Resources/level 15.prefab
  artifactKey: Guid(862273052ddd14149889000b995e8448) Importer(815301076,1909f56bfc062723c751e8b465ee728b)
Start importing Assets/Resources/level 15.prefab using Guid(862273052ddd14149889000b995e8448) Importer(815301076,1909f56bfc062723c751e8b465ee728b)  -> (artifact id: 'e37e285cf2a3796937f2fce5927408e2') in 0.007994 seconds 
  Import took 0.011963 seconds .

========================================================================
Received Import Request.
  Time since last request: 0.000158 seconds.
  path: Assets/Resources/level 3.prefab
  artifactKey: Guid(7ac4ec308e4ca984087d870e47c5577b) Importer(815301076,1909f56bfc062723c751e8b465ee728b)
Start importing Assets/Resources/level 3.prefab using Guid(7ac4ec308e4ca984087d870e47c5577b) Importer(815301076,1909f56bfc062723c751e8b465ee728b)  -> (artifact id: 'b10c28215c03344903af78004504f736') in 0.006976 seconds 
  Import took 0.011426 seconds .

========================================================================
Received Import Request.
  Time since last request: 0.000170 seconds.
  path: Assets/Resources/level 10.prefab
  artifactKey: Guid(55c609eb88845ca4c8356150d1be116c) Importer(815301076,1909f56bfc062723c751e8b465ee728b)
Start importing Assets/Resources/level 10.prefab using Guid(55c609eb88845ca4c8356150d1be116c) Importer(815301076,1909f56bfc062723c751e8b465ee728b)  -> (artifact id: '3b1b7a7fa32337cc27b0d327853a510c') in 0.007002 seconds 
  Import took 0.010967 seconds .

========================================================================
Received Import Request.
  Time since last request: 0.004989 seconds.
  path: Assets/Resources/level 10.prefab
  artifactKey: Guid(55c609eb88845ca4c8356150d1be116c) Importer(815301076,1909f56bfc062723c751e8b465ee728b)
Start importing Assets/Resources/level 10.prefab using Guid(55c609eb88845ca4c8356150d1be116c) Importer(815301076,1909f56bfc062723c751e8b465ee728b)  -> (artifact id: '3b1b7a7fa32337cc27b0d327853a510c') in 0.007241 seconds 
  Import took 0.011606 seconds .

========================================================================
Received Prepare
Registering precompiled user dll's ...
Registered in 0.003663 seconds.
Begin MonoManager ReloadAssembly
Native extension for WindowsStandalone target not found
Refreshing native plugins compatible for Editor in 0.87 ms, found 3 plugins.
Preloading 0 native plugins for Editor in 0.00 ms.
Mono: successfully reloaded assembly
- Completed reload, in  1.039 seconds
Domain Reload Profiling:
	ReloadAssembly (1039ms)
		BeginReloadAssembly (108ms)
			ExecutionOrderSort (0ms)
			DisableScriptedObjects (5ms)
			BackupInstance (0ms)
			ReleaseScriptingObjects (0ms)
			CreateAndSetChildDomain (32ms)
		EndReloadAssembly (879ms)
			LoadAssemblies (78ms)
			RebuildTransferFunctionScriptingTraits (0ms)
			SetupTypeCache (272ms)
			ReleaseScriptCaches (1ms)
			RebuildScriptCaches (40ms)
			SetupLoadedEditorAssemblies (333ms)
				LogAssemblyErrors (0ms)
				InitializePlatformSupportModulesInManaged (4ms)
				SetLoadedEditorAssemblies (0ms)
				RefreshPlugins (1ms)
				BeforeProcessingInitializeOnLoad (76ms)
				ProcessInitializeOnLoadAttributes (243ms)
				ProcessInitializeOnLoadMethodAttributes (7ms)
				AfterProcessingInitializeOnLoad (2ms)
				EditorAssembliesLoaded (0ms)
			ExecutionOrderSort2 (0ms)
			AwakeInstancesAfterBackupRestoration (27ms)
Platform modules already initialized, skipping
Switching build target platform(19) subTarget(0) extendedPlatform(0) -> platform(13) subTarget(537395200) extendedPlatform(0)
Refreshing native plugins compatible for Editor in 0.58 ms, found 3 plugins.
Preloading 0 native plugins for Editor in 0.00 ms.
Unloading 2958 Unused Serialized files (Serialized files now loaded: 0)
System memory in use before: 119.2 MB.
System memory in use after: 119.5 MB.

Unloading 17 unused Assets to reduce memory usage. Loaded Objects now: 3467.
Total: 2.732900 ms (FindLiveObjects: 0.307300 ms CreateObjectMapping: 0.080000 ms MarkObjects: 2.324700 ms  DeleteObjects: 0.019400 ms)

AssetImportParameters requested are different than current active one (requested -> active):
  custom:framework-win-MediaFoundation: 216162199b28c13a410421893ffa2e32 -> 
  custom:video-decoder-ogg-theora: a1e56fd34408186e4bbccfd4996cb3dc -> 
  custom:container-muxer-webm: aa71ff27fc2769a1b78a27578f13a17b -> 
  custom:container-demuxer-webm: 4f35f7cbe854078d1ac9338744f61a02 -> 
  custom:container-demuxer-ogg: 62fdf1f143b41e24485cea50d1cbac27 -> 
  custom:video-encoder-webm-vp8: eb34c28f22e8b96e1ab97ce403110664 -> 
  custom:video-decoder-webm-vp8: 9c59270c3fd7afecdb556c50c9e8de78 -> 
  custom:graphics/normal-map-encoding: 01000000000000000000000000000000 -> 02000000000000000000000000000000
  custom:audio-decoder-ogg-vorbis: bf7c407c2cedff20999df2af8eb42d56 -> 
  custom:audio-encoder-webm-vorbis: bf7c407c2cedff20999df2af8eb42d56 -> 
========================================================================
Received Prepare
Registering precompiled user dll's ...
Registered in 0.003679 seconds.
Begin MonoManager ReloadAssembly
Native extension for WindowsStandalone target not found
Refreshing native plugins compatible for Editor in 0.68 ms, found 3 plugins.
Preloading 0 native plugins for Editor in 0.00 ms.
Mono: successfully reloaded assembly
- Completed reload, in  1.013 seconds
Domain Reload Profiling:
	ReloadAssembly (1013ms)
		BeginReloadAssembly (99ms)
			ExecutionOrderSort (0ms)
			DisableScriptedObjects (5ms)
			BackupInstance (0ms)
			ReleaseScriptingObjects (0ms)
			CreateAndSetChildDomain (31ms)
		EndReloadAssembly (865ms)
			LoadAssemblies (77ms)
			RebuildTransferFunctionScriptingTraits (0ms)
			SetupTypeCache (271ms)
			ReleaseScriptCaches (1ms)
			RebuildScriptCaches (41ms)
			SetupLoadedEditorAssemblies (327ms)
				LogAssemblyErrors (0ms)
				InitializePlatformSupportModulesInManaged (4ms)
				SetLoadedEditorAssemblies (0ms)
				RefreshPlugins (1ms)
				BeforeProcessingInitializeOnLoad (79ms)
				ProcessInitializeOnLoadAttributes (235ms)
				ProcessInitializeOnLoadMethodAttributes (6ms)
				AfterProcessingInitializeOnLoad (2ms)
				EditorAssembliesLoaded (0ms)
			ExecutionOrderSort2 (0ms)
			AwakeInstancesAfterBackupRestoration (28ms)
Platform modules already initialized, skipping
Switching build target platform(19) subTarget(0) extendedPlatform(0) -> platform(13) subTarget(537395200) extendedPlatform(0)
Refreshing native plugins compatible for Editor in 0.62 ms, found 3 plugins.
Preloading 0 native plugins for Editor in 0.00 ms.
Unloading 2958 Unused Serialized files (Serialized files now loaded: 0)
System memory in use before: 119.3 MB.
System memory in use after: 119.5 MB.

Unloading 17 unused Assets to reduce memory usage. Loaded Objects now: 3470.
Total: 2.740300 ms (FindLiveObjects: 0.293200 ms CreateObjectMapping: 0.090200 ms MarkObjects: 2.336200 ms  DeleteObjects: 0.019900 ms)

AssetImportParameters requested are different than current active one (requested -> active):
  custom:framework-win-MediaFoundation: 216162199b28c13a410421893ffa2e32 -> 
  custom:video-decoder-ogg-theora: a1e56fd34408186e4bbccfd4996cb3dc -> 
  custom:container-muxer-webm: aa71ff27fc2769a1b78a27578f13a17b -> 
  custom:container-demuxer-webm: 4f35f7cbe854078d1ac9338744f61a02 -> 
  custom:container-demuxer-ogg: 62fdf1f143b41e24485cea50d1cbac27 -> 
  custom:video-encoder-webm-vp8: eb34c28f22e8b96e1ab97ce403110664 -> 
  custom:video-decoder-webm-vp8: 9c59270c3fd7afecdb556c50c9e8de78 -> 
  custom:graphics/normal-map-encoding: 01000000000000000000000000000000 -> 02000000000000000000000000000000
  custom:audio-decoder-ogg-vorbis: bf7c407c2cedff20999df2af8eb42d56 -> 
  custom:audio-encoder-webm-vorbis: bf7c407c2cedff20999df2af8eb42d56 -> 
========================================================================
Received Prepare
Registering precompiled user dll's ...
Registered in 0.003838 seconds.
Begin MonoManager ReloadAssembly
Native extension for WindowsStandalone target not found
Refreshing native plugins compatible for Editor in 0.58 ms, found 3 plugins.
Preloading 0 native plugins for Editor in 0.00 ms.
Mono: successfully reloaded assembly
- Completed reload, in  1.008 seconds
Domain Reload Profiling:
	ReloadAssembly (1009ms)
		BeginReloadAssembly (100ms)
			ExecutionOrderSort (0ms)
			DisableScriptedObjects (5ms)
			BackupInstance (0ms)
			ReleaseScriptingObjects (0ms)
			CreateAndSetChildDomain (30ms)
		EndReloadAssembly (857ms)
			LoadAssemblies (77ms)
			RebuildTransferFunctionScriptingTraits (0ms)
			SetupTypeCache (269ms)
			ReleaseScriptCaches (1ms)
			RebuildScriptCaches (40ms)
			SetupLoadedEditorAssemblies (321ms)
				LogAssemblyErrors (0ms)
				InitializePlatformSupportModulesInManaged (4ms)
				SetLoadedEditorAssemblies (0ms)
				RefreshPlugins (1ms)
				BeforeProcessingInitializeOnLoad (73ms)
				ProcessInitializeOnLoadAttributes (235ms)
				ProcessInitializeOnLoadMethodAttributes (6ms)
				AfterProcessingInitializeOnLoad (2ms)
				EditorAssembliesLoaded (0ms)
			ExecutionOrderSort2 (0ms)
			AwakeInstancesAfterBackupRestoration (26ms)
Platform modules already initialized, skipping
Switching build target platform(19) subTarget(0) extendedPlatform(0) -> platform(13) subTarget(537395200) extendedPlatform(0)
Refreshing native plugins compatible for Editor in 0.54 ms, found 3 plugins.
Preloading 0 native plugins for Editor in 0.00 ms.
Unloading 2958 Unused Serialized files (Serialized files now loaded: 0)
System memory in use before: 119.3 MB.
System memory in use after: 119.5 MB.

Unloading 17 unused Assets to reduce memory usage. Loaded Objects now: 3473.
Total: 2.804200 ms (FindLiveObjects: 0.276500 ms CreateObjectMapping: 0.076200 ms MarkObjects: 2.427900 ms  DeleteObjects: 0.022500 ms)

AssetImportParameters requested are different than current active one (requested -> active):
  custom:framework-win-MediaFoundation: 216162199b28c13a410421893ffa2e32 -> 
  custom:video-decoder-ogg-theora: a1e56fd34408186e4bbccfd4996cb3dc -> 
  custom:container-muxer-webm: aa71ff27fc2769a1b78a27578f13a17b -> 
  custom:container-demuxer-webm: 4f35f7cbe854078d1ac9338744f61a02 -> 
  custom:container-demuxer-ogg: 62fdf1f143b41e24485cea50d1cbac27 -> 
  custom:video-encoder-webm-vp8: eb34c28f22e8b96e1ab97ce403110664 -> 
  custom:video-decoder-webm-vp8: 9c59270c3fd7afecdb556c50c9e8de78 -> 
  custom:graphics/normal-map-encoding: 01000000000000000000000000000000 -> 02000000000000000000000000000000
  custom:audio-decoder-ogg-vorbis: bf7c407c2cedff20999df2af8eb42d56 -> 
  custom:audio-encoder-webm-vorbis: bf7c407c2cedff20999df2af8eb42d56 -> 
========================================================================
Received Prepare
Registering precompiled user dll's ...
Registered in 0.003765 seconds.
Begin MonoManager ReloadAssembly
Native extension for WindowsStandalone target not found
Refreshing native plugins compatible for Editor in 0.61 ms, found 3 plugins.
Preloading 0 native plugins for Editor in 0.00 ms.
Mono: successfully reloaded assembly
- Completed reload, in  1.009 seconds
Domain Reload Profiling:
	ReloadAssembly (1009ms)
		BeginReloadAssembly (101ms)
			ExecutionOrderSort (0ms)
			DisableScriptedObjects (5ms)
			BackupInstance (0ms)
			ReleaseScriptingObjects (0ms)
			CreateAndSetChildDomain (30ms)
		EndReloadAssembly (859ms)
			LoadAssemblies (79ms)
			RebuildTransferFunctionScriptingTraits (0ms)
			SetupTypeCache (266ms)
			ReleaseScriptCaches (1ms)
			RebuildScriptCaches (39ms)
			SetupLoadedEditorAssemblies (325ms)
				LogAssemblyErrors (0ms)
				InitializePlatformSupportModulesInManaged (4ms)
				SetLoadedEditorAssemblies (0ms)
				RefreshPlugins (1ms)
				BeforeProcessingInitializeOnLoad (75ms)
				ProcessInitializeOnLoadAttributes (238ms)
				ProcessInitializeOnLoadMethodAttributes (6ms)
				AfterProcessingInitializeOnLoad (2ms)
				EditorAssembliesLoaded (0ms)
			ExecutionOrderSort2 (0ms)
			AwakeInstancesAfterBackupRestoration (26ms)
Platform modules already initialized, skipping
Switching build target platform(19) subTarget(0) extendedPlatform(0) -> platform(13) subTarget(537395200) extendedPlatform(0)
Refreshing native plugins compatible for Editor in 0.50 ms, found 3 plugins.
Preloading 0 native plugins for Editor in 0.00 ms.
Unloading 2958 Unused Serialized files (Serialized files now loaded: 0)
System memory in use before: 119.3 MB.
System memory in use after: 119.5 MB.

Unloading 17 unused Assets to reduce memory usage. Loaded Objects now: 3476.
Total: 2.778700 ms (FindLiveObjects: 0.273100 ms CreateObjectMapping: 0.089800 ms MarkObjects: 2.395100 ms  DeleteObjects: 0.020000 ms)

AssetImportParameters requested are different than current active one (requested -> active):
  custom:framework-win-MediaFoundation: 216162199b28c13a410421893ffa2e32 -> 
  custom:video-decoder-ogg-theora: a1e56fd34408186e4bbccfd4996cb3dc -> 
  custom:container-muxer-webm: aa71ff27fc2769a1b78a27578f13a17b -> 
  custom:container-demuxer-webm: 4f35f7cbe854078d1ac9338744f61a02 -> 
  custom:container-demuxer-ogg: 62fdf1f143b41e24485cea50d1cbac27 -> 
  custom:video-encoder-webm-vp8: eb34c28f22e8b96e1ab97ce403110664 -> 
  custom:video-decoder-webm-vp8: 9c59270c3fd7afecdb556c50c9e8de78 -> 
  custom:graphics/normal-map-encoding: 01000000000000000000000000000000 -> 02000000000000000000000000000000
  custom:audio-decoder-ogg-vorbis: bf7c407c2cedff20999df2af8eb42d56 -> 
  custom:audio-encoder-webm-vorbis: bf7c407c2cedff20999df2af8eb42d56 -> 
========================================================================
Received Prepare
Registering precompiled user dll's ...
Registered in 0.003710 seconds.
Begin MonoManager ReloadAssembly
Native extension for WindowsStandalone target not found
Refreshing native plugins compatible for Editor in 0.65 ms, found 3 plugins.
Preloading 0 native plugins for Editor in 0.00 ms.
Mono: successfully reloaded assembly
- Completed reload, in  1.038 seconds
Domain Reload Profiling:
	ReloadAssembly (1038ms)
		BeginReloadAssembly (103ms)
			ExecutionOrderSort (0ms)
			DisableScriptedObjects (5ms)
			BackupInstance (0ms)
			ReleaseScriptingObjects (0ms)
			CreateAndSetChildDomain (31ms)
		EndReloadAssembly (886ms)
			LoadAssemblies (75ms)
			RebuildTransferFunctionScriptingTraits (0ms)
			SetupTypeCache (267ms)
			ReleaseScriptCaches (1ms)
			RebuildScriptCaches (41ms)
			SetupLoadedEditorAssemblies (335ms)
				LogAssemblyErrors (0ms)
				InitializePlatformSupportModulesInManaged (4ms)
				SetLoadedEditorAssemblies (0ms)
				RefreshPlugins (1ms)
				BeforeProcessingInitializeOnLoad (82ms)
				ProcessInitializeOnLoadAttributes (239ms)
				ProcessInitializeOnLoadMethodAttributes (7ms)
				AfterProcessingInitializeOnLoad (2ms)
				EditorAssembliesLoaded (0ms)
			ExecutionOrderSort2 (0ms)
			AwakeInstancesAfterBackupRestoration (28ms)
Platform modules already initialized, skipping
Switching build target platform(19) subTarget(0) extendedPlatform(0) -> platform(13) subTarget(537395200) extendedPlatform(0)
Refreshing native plugins compatible for Editor in 0.56 ms, found 3 plugins.
Preloading 0 native plugins for Editor in 0.00 ms.
Unloading 2958 Unused Serialized files (Serialized files now loaded: 0)
System memory in use before: 119.3 MB.
System memory in use after: 119.5 MB.

Unloading 17 unused Assets to reduce memory usage. Loaded Objects now: 3479.
Total: 2.619200 ms (FindLiveObjects: 0.310000 ms CreateObjectMapping: 0.090000 ms MarkObjects: 2.194500 ms  DeleteObjects: 0.023100 ms)

AssetImportParameters requested are different than current active one (requested -> active):
  custom:framework-win-MediaFoundation: 216162199b28c13a410421893ffa2e32 -> 
  custom:video-decoder-ogg-theora: a1e56fd34408186e4bbccfd4996cb3dc -> 
  custom:container-muxer-webm: aa71ff27fc2769a1b78a27578f13a17b -> 
  custom:container-demuxer-webm: 4f35f7cbe854078d1ac9338744f61a02 -> 
  custom:container-demuxer-ogg: 62fdf1f143b41e24485cea50d1cbac27 -> 
  custom:video-encoder-webm-vp8: eb34c28f22e8b96e1ab97ce403110664 -> 
  custom:video-decoder-webm-vp8: 9c59270c3fd7afecdb556c50c9e8de78 -> 
  custom:graphics/normal-map-encoding: 01000000000000000000000000000000 -> 02000000000000000000000000000000
  custom:audio-decoder-ogg-vorbis: bf7c407c2cedff20999df2af8eb42d56 -> 
  custom:audio-encoder-webm-vorbis: bf7c407c2cedff20999df2af8eb42d56 -> 
========================================================================
Received Prepare
Registering precompiled user dll's ...
Registered in 0.003680 seconds.
Begin MonoManager ReloadAssembly
Native extension for WindowsStandalone target not found
Refreshing native plugins compatible for Editor in 0.66 ms, found 3 plugins.
Preloading 0 native plugins for Editor in 0.00 ms.
Mono: successfully reloaded assembly
- Completed reload, in  1.025 seconds
Domain Reload Profiling:
	ReloadAssembly (1025ms)
		BeginReloadAssembly (97ms)
			ExecutionOrderSort (0ms)
			DisableScriptedObjects (5ms)
			BackupInstance (0ms)
			ReleaseScriptingObjects (0ms)
			CreateAndSetChildDomain (30ms)
		EndReloadAssembly (877ms)
			LoadAssemblies (76ms)
			RebuildTransferFunctionScriptingTraits (0ms)
			SetupTypeCache (271ms)
			ReleaseScriptCaches (1ms)
			RebuildScriptCaches (41ms)
			SetupLoadedEditorAssemblies (327ms)
				LogAssemblyErrors (0ms)
				InitializePlatformSupportModulesInManaged (4ms)
				SetLoadedEditorAssemblies (0ms)
				RefreshPlugins (1ms)
				BeforeProcessingInitializeOnLoad (75ms)
				ProcessInitializeOnLoadAttributes (239ms)
				ProcessInitializeOnLoadMethodAttributes (6ms)
				AfterProcessingInitializeOnLoad (2ms)
				EditorAssembliesLoaded (0ms)
			ExecutionOrderSort2 (0ms)
			AwakeInstancesAfterBackupRestoration (27ms)
Platform modules already initialized, skipping
Switching build target platform(19) subTarget(0) extendedPlatform(0) -> platform(13) subTarget(537395200) extendedPlatform(0)
Refreshing native plugins compatible for Editor in 0.62 ms, found 3 plugins.
Preloading 0 native plugins for Editor in 0.00 ms.
Unloading 2958 Unused Serialized files (Serialized files now loaded: 0)
System memory in use before: 119.3 MB.
System memory in use after: 119.5 MB.

Unloading 17 unused Assets to reduce memory usage. Loaded Objects now: 3482.
Total: 2.693600 ms (FindLiveObjects: 0.291400 ms CreateObjectMapping: 0.083900 ms MarkObjects: 2.296400 ms  DeleteObjects: 0.020700 ms)

AssetImportParameters requested are different than current active one (requested -> active):
  custom:framework-win-MediaFoundation: 216162199b28c13a410421893ffa2e32 -> 
  custom:video-decoder-ogg-theora: a1e56fd34408186e4bbccfd4996cb3dc -> 
  custom:container-muxer-webm: aa71ff27fc2769a1b78a27578f13a17b -> 
  custom:container-demuxer-webm: 4f35f7cbe854078d1ac9338744f61a02 -> 
  custom:container-demuxer-ogg: 62fdf1f143b41e24485cea50d1cbac27 -> 
  custom:video-encoder-webm-vp8: eb34c28f22e8b96e1ab97ce403110664 -> 
  custom:video-decoder-webm-vp8: 9c59270c3fd7afecdb556c50c9e8de78 -> 
  custom:graphics/normal-map-encoding: 01000000000000000000000000000000 -> 02000000000000000000000000000000
  custom:audio-decoder-ogg-vorbis: bf7c407c2cedff20999df2af8eb42d56 -> 
  custom:audio-encoder-webm-vorbis: bf7c407c2cedff20999df2af8eb42d56 -> 
========================================================================
Received Prepare
Registering precompiled user dll's ...
Registered in 0.004098 seconds.
Begin MonoManager ReloadAssembly
Native extension for WindowsStandalone target not found
Refreshing native plugins compatible for Editor in 0.58 ms, found 3 plugins.
Preloading 0 native plugins for Editor in 0.00 ms.
Mono: successfully reloaded assembly
- Completed reload, in  1.032 seconds
Domain Reload Profiling:
	ReloadAssembly (1032ms)
		BeginReloadAssembly (104ms)
			ExecutionOrderSort (0ms)
			DisableScriptedObjects (5ms)
			BackupInstance (0ms)
			ReleaseScriptingObjects (0ms)
			CreateAndSetChildDomain (30ms)
		EndReloadAssembly (879ms)
			LoadAssemblies (80ms)
			RebuildTransferFunctionScriptingTraits (0ms)
			SetupTypeCache (280ms)
			ReleaseScriptCaches (1ms)
			RebuildScriptCaches (39ms)
			SetupLoadedEditorAssemblies (326ms)
				LogAssemblyErrors (0ms)
				InitializePlatformSupportModulesInManaged (4ms)
				SetLoadedEditorAssemblies (0ms)
				RefreshPlugins (1ms)
				BeforeProcessingInitializeOnLoad (78ms)
				ProcessInitializeOnLoadAttributes (235ms)
				ProcessInitializeOnLoadMethodAttributes (6ms)
				AfterProcessingInitializeOnLoad (2ms)
				EditorAssembliesLoaded (0ms)
			ExecutionOrderSort2 (0ms)
			AwakeInstancesAfterBackupRestoration (26ms)
Platform modules already initialized, skipping
Switching build target platform(19) subTarget(0) extendedPlatform(0) -> platform(13) subTarget(537395200) extendedPlatform(0)
Refreshing native plugins compatible for Editor in 0.50 ms, found 3 plugins.
Preloading 0 native plugins for Editor in 0.00 ms.
Unloading 2958 Unused Serialized files (Serialized files now loaded: 0)
System memory in use before: 119.3 MB.
System memory in use after: 119.5 MB.

Unloading 17 unused Assets to reduce memory usage. Loaded Objects now: 3485.
Total: 2.701300 ms (FindLiveObjects: 0.269500 ms CreateObjectMapping: 0.076900 ms MarkObjects: 2.334400 ms  DeleteObjects: 0.019400 ms)

AssetImportParameters requested are different than current active one (requested -> active):
  custom:framework-win-MediaFoundation: 216162199b28c13a410421893ffa2e32 -> 
  custom:video-decoder-ogg-theora: a1e56fd34408186e4bbccfd4996cb3dc -> 
  custom:container-muxer-webm: aa71ff27fc2769a1b78a27578f13a17b -> 
  custom:container-demuxer-webm: 4f35f7cbe854078d1ac9338744f61a02 -> 
  custom:container-demuxer-ogg: 62fdf1f143b41e24485cea50d1cbac27 -> 
  custom:video-encoder-webm-vp8: eb34c28f22e8b96e1ab97ce403110664 -> 
  custom:video-decoder-webm-vp8: 9c59270c3fd7afecdb556c50c9e8de78 -> 
  custom:graphics/normal-map-encoding: 01000000000000000000000000000000 -> 02000000000000000000000000000000
  custom:audio-decoder-ogg-vorbis: bf7c407c2cedff20999df2af8eb42d56 -> 
  custom:audio-encoder-webm-vorbis: bf7c407c2cedff20999df2af8eb42d56 -> 
AssetImportWorkerClient::OnTransportError - code=2 error=End of file
